Arguments: 
  /usr/local/Cellar/node@10/10.17.0/bin/node /usr/local/bin/yarn add @rollup/plugin-postcss

PATH: 
  /usr/local/opt/node@10/bin:/usr/local/bin:/usr/bin:/bin:/usr/sbin:/sbin:/usr/local/opt/node@10/bin

Yarn version: 
  1.19.1

Node version: 
  10.17.0

Platform: 
  darwin x64

Trace: 
  Error: https://npm2.myones.net/@rollup%2fplugin-postcss: Not found
      at Request.params.callback [as _callback] (/usr/local/lib/node_modules/yarn/lib/cli.js:66926:18)
      at Request.self.callback (/usr/local/lib/node_modules/yarn/lib/cli.js:140564:22)
      at Request.emit (events.js:198:13)
      at Request.<anonymous> (/usr/local/lib/node_modules/yarn/lib/cli.js:141536:10)
      at Request.emit (events.js:198:13)
      at IncomingMessage.<anonymous> (/usr/local/lib/node_modules/yarn/lib/cli.js:141458:12)
      at Object.onceWrapper (events.js:286:20)
      at IncomingMessage.emit (events.js:203:15)
      at endReadableNT (_stream_readable.js:1143:12)
      at process._tickCallback (internal/process/next_tick.js:63:19)

npm manifest: 
  {
    "name": "ONES-chrome-helper",
    "version": "1.0.0",
    "main": "index.js",
    "repository": "https://github.com/lllllllqw/ONES-chrome-helper.git",
    "author": "lllllllqw <465633856@qq.com>",
    "license": "MIT",
    "scripts": {
      "dev": "rollup -c -w",
      "build": "rollup -c"
    },
    "dependencies": {
      "@babel/core": "^7.10.2",
      "@babel/preset-env": "^7.10.2",
      "@babel/preset-react": "^7.9.4",
      "@rollup/plugin-babel": "^5.0.3",
      "@rollup/plugin-commonjs": "^12.0.0",
      "@rollup/plugin-node-resolve": "^8.0.0",
      "@rollup/plugin-replace": "^2.3.2",
      "@types/react": "^16.9.34",
      "@types/react-dom": "^16.9.5",
      "lodash-es": "^4.17.15",
      "react": "^16.13.1",
      "react-dom": "^16.13.1",
      "rollup": "^2.12.1",
      "rollup-plugin-copy": "^3.3.0"
    }
  }

yarn manifest: 
  No manifest

Lockfile: 
  # THIS IS AN AUTOGENERATED FILE. DO NOT EDIT THIS FILE DIRECTLY.
  # yarn lockfile v1
  
  
  "@babel/code-frame@^7.10.1":
    version "7.10.1"
    resolved "https://npm2.myones.net/@babel/code-frame/download/@babel/code-frame-7.10.1.tgz#d5481c5095daa1c57e16e54c6f9198443afb49ff"
    integrity sha1-1UgcUJXaocV+FuVMb5GYRDr7Sf8=
    dependencies:
      "@babel/highlight" "^7.10.1"
  
  "@babel/compat-data@^7.10.1":
    version "7.10.1"
    resolved "https://npm2.myones.net/@babel/compat-data/download/@babel/compat-data-7.10.1.tgz#b1085ffe72cd17bf2c0ee790fc09f9626011b2db"
    integrity sha1-sQhf/nLNF78sDueQ/An5YmARsts=
    dependencies:
      browserslist "^4.12.0"
      invariant "^2.2.4"
      semver "^5.5.0"
  
  "@babel/core@^7.10.2":
    version "7.10.2"
    resolved "https://npm2.myones.net/@babel/core/download/@babel/core-7.10.2.tgz#bd6786046668a925ac2bd2fd95b579b92a23b36a"
    integrity sha1-vWeGBGZoqSWsK9L9lbV5uSojs2o=
    dependencies:
      "@babel/code-frame" "^7.10.1"
      "@babel/generator" "^7.10.2"
      "@babel/helper-module-transforms" "^7.10.1"
      "@babel/helpers" "^7.10.1"
      "@babel/parser" "^7.10.2"
      "@babel/template" "^7.10.1"
      "@babel/traverse" "^7.10.1"
      "@babel/types" "^7.10.2"
      convert-source-map "^1.7.0"
      debug "^4.1.0"
      gensync "^1.0.0-beta.1"
      json5 "^2.1.2"
      lodash "^4.17.13"
      resolve "^1.3.2"
      semver "^5.4.1"
      source-map "^0.5.0"
  
  "@babel/generator@^7.10.1", "@babel/generator@^7.10.2":
    version "7.10.2"
    resolved "https://npm2.myones.net/@babel/generator/download/@babel/generator-7.10.2.tgz#0fa5b5b2389db8bfdfcc3492b551ee20f5dd69a9"
    integrity sha1-D6W1sjiduL/fzDSStVHuIPXdaak=
    dependencies:
      "@babel/types" "^7.10.2"
      jsesc "^2.5.1"
      lodash "^4.17.13"
      source-map "^0.5.0"
  
  "@babel/helper-annotate-as-pure@^7.10.1":
    version "7.10.1"
    resolved "https://npm2.myones.net/@babel/helper-annotate-as-pure/download/@babel/helper-annotate-as-pure-7.10.1.tgz#f6d08acc6f70bbd59b436262553fb2e259a1a268"
    integrity sha1-9tCKzG9wu9WbQ2JiVT+y4lmhomg=
    dependencies:
      "@babel/types" "^7.10.1"
  
  "@babel/helper-builder-binary-assignment-operator-visitor@^7.10.1":
    version "7.10.1"
    resolved "https://npm2.myones.net/@babel/helper-builder-binary-assignment-operator-visitor/download/@babel/helper-builder-binary-assignment-operator-visitor-7.10.1.tgz#0ec7d9be8174934532661f87783eb18d72290059"
    integrity sha1-DsfZvoF0k0UyZh+HeD6xjXIpAFk=
    dependencies:
      "@babel/helper-explode-assignable-expression" "^7.10.1"
      "@babel/types" "^7.10.1"
  
  "@babel/helper-builder-react-jsx-experimental@^7.10.1", "@babel/helper-builder-react-jsx-experimental@^7.9.0":
    version "7.10.1"
    resolved "https://npm2.myones.net/@babel/helper-builder-react-jsx-experimental/download/@babel/helper-builder-react-jsx-experimental-7.10.1.tgz#9a7d58ad184d3ac3bafb1a452cec2bad7e4a0bc8"
    integrity sha1-mn1YrRhNOsO6+xpFLOwrrX5KC8g=
    dependencies:
      "@babel/helper-annotate-as-pure" "^7.10.1"
      "@babel/helper-module-imports" "^7.10.1"
      "@babel/types" "^7.10.1"
  
  "@babel/helper-builder-react-jsx@^7.10.1":
    version "7.10.1"
    resolved "https://npm2.myones.net/@babel/helper-builder-react-jsx/download/@babel/helper-builder-react-jsx-7.10.1.tgz#a327f0cf983af5554701b1215de54a019f09b532"
    integrity sha1-oyfwz5g69VVHAbEhXeVKAZ8JtTI=
    dependencies:
      "@babel/helper-annotate-as-pure" "^7.10.1"
      "@babel/types" "^7.10.1"
  
  "@babel/helper-compilation-targets@^7.10.2":
    version "7.10.2"
    resolved "https://npm2.myones.net/@babel/helper-compilation-targets/download/@babel/helper-compilation-targets-7.10.2.tgz#a17d9723b6e2c750299d2a14d4637c76936d8285"
    integrity sha1-oX2XI7bix1ApnSoU1GN8dpNtgoU=
    dependencies:
      "@babel/compat-data" "^7.10.1"
      browserslist "^4.12.0"
      invariant "^2.2.4"
      levenary "^1.1.1"
      semver "^5.5.0"
  
  "@babel/helper-create-class-features-plugin@^7.10.1":
    version "7.10.2"
    resolved "https://npm2.myones.net/@babel/helper-create-class-features-plugin/download/@babel/helper-create-class-features-plugin-7.10.2.tgz#7474295770f217dbcf288bf7572eb213db46ee67"
    integrity sha1-dHQpV3DyF9vPKIv3Vy6yE9tG7mc=
    dependencies:
      "@babel/helper-function-name" "^7.10.1"
      "@babel/helper-member-expression-to-functions" "^7.10.1"
      "@babel/helper-optimise-call-expression" "^7.10.1"
      "@babel/helper-plugin-utils" "^7.10.1"
      "@babel/helper-replace-supers" "^7.10.1"
      "@babel/helper-split-export-declaration" "^7.10.1"
  
  "@babel/helper-create-regexp-features-plugin@^7.10.1", "@babel/helper-create-regexp-features-plugin@^7.8.3":
    version "7.10.1"
    resolved "https://npm2.myones.net/@babel/helper-create-regexp-features-plugin/download/@babel/helper-create-regexp-features-plugin-7.10.1.tgz#1b8feeab1594cbcfbf3ab5a3bbcabac0468efdbd"
    integrity sha1-G4/uqxWUy8+/OrWju8q6wEaO/b0=
    dependencies:
      "@babel/helper-annotate-as-pure" "^7.10.1"
      "@babel/helper-regex" "^7.10.1"
      regexpu-core "^4.7.0"
  
  "@babel/helper-define-map@^7.10.1":
    version "7.10.1"
    resolved "https://npm2.myones.net/@babel/helper-define-map/download/@babel/helper-define-map-7.10.1.tgz#5e69ee8308648470dd7900d159c044c10285221d"
    integrity sha1-XmnugwhkhHDdeQDRWcBEwQKFIh0=
    dependencies:
      "@babel/helper-function-name" "^7.10.1"
      "@babel/types" "^7.10.1"
      lodash "^4.17.13"
  
  "@babel/helper-explode-assignable-expression@^7.10.1":
    version "7.10.1"
    resolved "https://npm2.myones.net/@babel/helper-explode-assignable-expression/download/@babel/helper-explode-assignable-expression-7.10.1.tgz#e9d76305ee1162ca467357ae25df94f179af2b7e"
    integrity sha1-6ddjBe4RYspGc1euJd+U8XmvK34=
    dependencies:
      "@babel/traverse" "^7.10.1"
      "@babel/types" "^7.10.1"
  
  "@babel/helper-function-name@^7.10.1":
    version "7.10.1"
    resolved "https://npm2.myones.net/@babel/helper-function-name/download/@babel/helper-function-name-7.10.1.tgz#92bd63829bfc9215aca9d9defa85f56b539454f4"
    integrity sha1-kr1jgpv8khWsqdne+oX1a1OUVPQ=
    dependencies:
      "@babel/helper-get-function-arity" "^7.10.1"
      "@babel/template" "^7.10.1"
      "@babel/types" "^7.10.1"
  
  "@babel/helper-get-function-arity@^7.10.1":
    version "7.10.1"
    resolved "https://npm2.myones.net/@babel/helper-get-function-arity/download/@babel/helper-get-function-arity-7.10.1.tgz#7303390a81ba7cb59613895a192b93850e373f7d"
    integrity sha1-cwM5CoG6fLWWE4laGSuThQ43P30=
    dependencies:
      "@babel/types" "^7.10.1"
  
  "@babel/helper-hoist-variables@^7.10.1":
    version "7.10.1"
    resolved "https://npm2.myones.net/@babel/helper-hoist-variables/download/@babel/helper-hoist-variables-7.10.1.tgz#7e77c82e5dcae1ebf123174c385aaadbf787d077"
    integrity sha1-fnfILl3K4evxIxdMOFqq2/eH0Hc=
    dependencies:
      "@babel/types" "^7.10.1"
  
  "@babel/helper-member-expression-to-functions@^7.10.1":
    version "7.10.1"
    resolved "https://npm2.myones.net/@babel/helper-member-expression-to-functions/download/@babel/helper-member-expression-to-functions-7.10.1.tgz#432967fd7e12a4afef66c4687d4ca22bc0456f15"
    integrity sha1-Qyln/X4SpK/vZsRofUyiK8BFbxU=
    dependencies:
      "@babel/types" "^7.10.1"
  
  "@babel/helper-module-imports@^7.10.1", "@babel/helper-module-imports@^7.7.4":
    version "7.10.1"
    resolved "https://npm2.myones.net/@babel/helper-module-imports/download/@babel/helper-module-imports-7.10.1.tgz#dd331bd45bccc566ce77004e9d05fe17add13876"
    integrity sha1-3TMb1FvMxWbOdwBOnQX+F63ROHY=
    dependencies:
      "@babel/types" "^7.10.1"
  
  "@babel/helper-module-transforms@^7.10.1":
    version "7.10.1"
    resolved "https://npm2.myones.net/@babel/helper-module-transforms/download/@babel/helper-module-transforms-7.10.1.tgz#24e2f08ee6832c60b157bb0936c86bef7210c622"
    integrity sha1-JOLwjuaDLGCxV7sJNshr73IQxiI=
    dependencies:
      "@babel/helper-module-imports" "^7.10.1"
      "@babel/helper-replace-supers" "^7.10.1"
      "@babel/helper-simple-access" "^7.10.1"
      "@babel/helper-split-export-declaration" "^7.10.1"
      "@babel/template" "^7.10.1"
      "@babel/types" "^7.10.1"
      lodash "^4.17.13"
  
  "@babel/helper-optimise-call-expression@^7.10.1":
    version "7.10.1"
    resolved "https://npm2.myones.net/@babel/helper-optimise-call-expression/download/@babel/helper-optimise-call-expression-7.10.1.tgz#b4a1f2561870ce1247ceddb02a3860fa96d72543"
    integrity sha1-tKHyVhhwzhJHzt2wKjhg+pbXJUM=
    dependencies:
      "@babel/types" "^7.10.1"
  
  "@babel/helper-plugin-utils@^7.0.0", "@babel/helper-plugin-utils@^7.10.1", "@babel/helper-plugin-utils@^7.8.0", "@babel/helper-plugin-utils@^7.8.3":
    version "7.10.1"
    resolved "https://npm2.myones.net/@babel/helper-plugin-utils/download/@babel/helper-plugin-utils-7.10.1.tgz#ec5a5cf0eec925b66c60580328b122c01230a127"
    integrity sha1-7Fpc8O7JJbZsYFgDKLEiwBIwoSc=
  
  "@babel/helper-regex@^7.10.1":
    version "7.10.1"
    resolved "https://npm2.myones.net/@babel/helper-regex/download/@babel/helper-regex-7.10.1.tgz#021cf1a7ba99822f993222a001cc3fec83255b96"
    integrity sha1-Ahzxp7qZgi+ZMiKgAcw/7IMlW5Y=
    dependencies:
      lodash "^4.17.13"
  
  "@babel/helper-remap-async-to-generator@^7.10.1":
    version "7.10.1"
    resolved "https://npm2.myones.net/@babel/helper-remap-async-to-generator/download/@babel/helper-remap-async-to-generator-7.10.1.tgz#bad6aaa4ff39ce8d4b82ccaae0bfe0f7dbb5f432"
    integrity sha1-utaqpP85zo1Lgsyq4L/g99u19DI=
    dependencies:
      "@babel/helper-annotate-as-pure" "^7.10.1"
      "@babel/helper-wrap-function" "^7.10.1"
      "@babel/template" "^7.10.1"
      "@babel/traverse" "^7.10.1"
      "@babel/types" "^7.10.1"
  
  "@babel/helper-replace-supers@^7.10.1":
    version "7.10.1"
    resolved "https://npm2.myones.net/@babel/helper-replace-supers/download/@babel/helper-replace-supers-7.10.1.tgz#ec6859d20c5d8087f6a2dc4e014db7228975f13d"
    integrity sha1-7GhZ0gxdgIf2otxOAU23Iol18T0=
    dependencies:
      "@babel/helper-member-expression-to-functions" "^7.10.1"
      "@babel/helper-optimise-call-expression" "^7.10.1"
      "@babel/traverse" "^7.10.1"
      "@babel/types" "^7.10.1"
  
  "@babel/helper-simple-access@^7.10.1":
    version "7.10.1"
    resolved "https://npm2.myones.net/@babel/helper-simple-access/download/@babel/helper-simple-access-7.10.1.tgz#08fb7e22ace9eb8326f7e3920a1c2052f13d851e"
    integrity sha1-CPt+Iqzp64Mm9+OSChwgUvE9hR4=
    dependencies:
      "@babel/template" "^7.10.1"
      "@babel/types" "^7.10.1"
  
  "@babel/helper-split-export-declaration@^7.10.1":
    version "7.10.1"
    resolved "https://npm2.myones.net/@babel/helper-split-export-declaration/download/@babel/helper-split-export-declaration-7.10.1.tgz#c6f4be1cbc15e3a868e4c64a17d5d31d754da35f"
    integrity sha1-xvS+HLwV46ho5MZKF9XTHXVNo18=
    dependencies:
      "@babel/types" "^7.10.1"
  
  "@babel/helper-validator-identifier@^7.10.1":
    version "7.10.1"
    resolved "https://npm2.myones.net/@babel/helper-validator-identifier/download/@babel/helper-validator-identifier-7.10.1.tgz#5770b0c1a826c4f53f5ede5e153163e0318e94b5"
    integrity sha1-V3CwwagmxPU/Xt5eFTFj4DGOlLU=
  
  "@babel/helper-wrap-function@^7.10.1":
    version "7.10.1"
    resolved "https://npm2.myones.net/@babel/helper-wrap-function/download/@babel/helper-wrap-function-7.10.1.tgz#956d1310d6696257a7afd47e4c42dfda5dfcedc9"
    integrity sha1-lW0TENZpYlenr9R+TELf2l387ck=
    dependencies:
      "@babel/helper-function-name" "^7.10.1"
      "@babel/template" "^7.10.1"
      "@babel/traverse" "^7.10.1"
      "@babel/types" "^7.10.1"
  
  "@babel/helpers@^7.10.1":
    version "7.10.1"
    resolved "https://npm2.myones.net/@babel/helpers/download/@babel/helpers-7.10.1.tgz#a6827b7cb975c9d9cef5fd61d919f60d8844a973"
    integrity sha1-poJ7fLl1ydnO9f1h2Rn2DYhEqXM=
    dependencies:
      "@babel/template" "^7.10.1"
      "@babel/traverse" "^7.10.1"
      "@babel/types" "^7.10.1"
  
  "@babel/highlight@^7.10.1":
    version "7.10.1"
    resolved "https://npm2.myones.net/@babel/highlight/download/@babel/highlight-7.10.1.tgz#841d098ba613ba1a427a2b383d79e35552c38ae0"
    integrity sha1-hB0Ji6YTuhpCeis4PXnjVVLDiuA=
    dependencies:
      "@babel/helper-validator-identifier" "^7.10.1"
      chalk "^2.0.0"
      js-tokens "^4.0.0"
  
  "@babel/parser@^7.10.1", "@babel/parser@^7.10.2":
    version "7.10.2"
    resolved "https://npm2.myones.net/@babel/parser/download/@babel/parser-7.10.2.tgz#871807f10442b92ff97e4783b9b54f6a0ca812d0"
    integrity sha1-hxgH8QRCuS/5fkeDubVPagyoEtA=
  
  "@babel/plugin-proposal-async-generator-functions@^7.10.1":
    version "7.10.1"
    resolved "https://npm2.myones.net/@babel/plugin-proposal-async-generator-functions/download/@babel/plugin-proposal-async-generator-functions-7.10.1.tgz#6911af5ba2e615c4ff3c497fe2f47b35bf6d7e55"
    integrity sha1-aRGvW6LmFcT/PEl/4vR7Nb9tflU=
    dependencies:
      "@babel/helper-plugin-utils" "^7.10.1"
      "@babel/helper-remap-async-to-generator" "^7.10.1"
      "@babel/plugin-syntax-async-generators" "^7.8.0"
  
  "@babel/plugin-proposal-class-properties@^7.10.1":
    version "7.10.1"
    resolved "https://npm2.myones.net/@babel/plugin-proposal-class-properties/download/@babel/plugin-proposal-class-properties-7.10.1.tgz#046bc7f6550bb08d9bd1d4f060f5f5a4f1087e01"
    integrity sha1-BGvH9lULsI2b0dTwYPX1pPEIfgE=
    dependencies:
      "@babel/helper-create-class-features-plugin" "^7.10.1"
      "@babel/helper-plugin-utils" "^7.10.1"
  
  "@babel/plugin-proposal-dynamic-import@^7.10.1":
    version "7.10.1"
    resolved "https://npm2.myones.net/@babel/plugin-proposal-dynamic-import/download/@babel/plugin-proposal-dynamic-import-7.10.1.tgz#e36979dc1dc3b73f6d6816fc4951da2363488ef0"
    integrity sha1-42l53B3Dtz9taBb8SVHaI2NIjvA=
    dependencies:
      "@babel/helper-plugin-utils" "^7.10.1"
      "@babel/plugin-syntax-dynamic-import" "^7.8.0"
  
  "@babel/plugin-proposal-json-strings@^7.10.1":
    version "7.10.1"
    resolved "https://npm2.myones.net/@babel/plugin-proposal-json-strings/download/@babel/plugin-proposal-json-strings-7.10.1.tgz#b1e691ee24c651b5a5e32213222b2379734aff09"
    integrity sha1-seaR7iTGUbWl4yITIisjeXNK/wk=
    dependencies:
      "@babel/helper-plugin-utils" "^7.10.1"
      "@babel/plugin-syntax-json-strings" "^7.8.0"
  
  "@babel/plugin-proposal-nullish-coalescing-operator@^7.10.1":
    version "7.10.1"
    resolved "https://npm2.myones.net/@babel/plugin-proposal-nullish-coalescing-operator/download/@babel/plugin-proposal-nullish-coalescing-operator-7.10.1.tgz#02dca21673842ff2fe763ac253777f235e9bbf78"
    integrity sha1-AtyiFnOEL/L+djrCU3d/I16bv3g=
    dependencies:
      "@babel/helper-plugin-utils" "^7.10.1"
      "@babel/plugin-syntax-nullish-coalescing-operator" "^7.8.0"
  
  "@babel/plugin-proposal-numeric-separator@^7.10.1":
    version "7.10.1"
    resolved "https://npm2.myones.net/@babel/plugin-proposal-numeric-separator/download/@babel/plugin-proposal-numeric-separator-7.10.1.tgz#a9a38bc34f78bdfd981e791c27c6fdcec478c123"
    integrity sha1-qaOLw094vf2YHnkcJ8b9zsR4wSM=
    dependencies:
      "@babel/helper-plugin-utils" "^7.10.1"
      "@babel/plugin-syntax-numeric-separator" "^7.10.1"
  
  "@babel/plugin-proposal-object-rest-spread@^7.10.1":
    version "7.10.1"
    resolved "https://npm2.myones.net/@babel/plugin-proposal-object-rest-spread/download/@babel/plugin-proposal-object-rest-spread-7.10.1.tgz#cba44908ac9f142650b4a65b8aa06bf3478d5fb6"
    integrity sha1-y6RJCKyfFCZQtKZbiqBr80eNX7Y=
    dependencies:
      "@babel/helper-plugin-utils" "^7.10.1"
      "@babel/plugin-syntax-object-rest-spread" "^7.8.0"
      "@babel/plugin-transform-parameters" "^7.10.1"
  
  "@babel/plugin-proposal-optional-catch-binding@^7.10.1":
    version "7.10.1"
    resolved "https://npm2.myones.net/@babel/plugin-proposal-optional-catch-binding/download/@babel/plugin-proposal-optional-catch-binding-7.10.1.tgz#c9f86d99305f9fa531b568ff5ab8c964b8b223d2"
    integrity sha1-yfhtmTBfn6UxtWj/WrjJZLiyI9I=
    dependencies:
      "@babel/helper-plugin-utils" "^7.10.1"
      "@babel/plugin-syntax-optional-catch-binding" "^7.8.0"
  
  "@babel/plugin-proposal-optional-chaining@^7.10.1":
    version "7.10.1"
    resolved "https://npm2.myones.net/@babel/plugin-proposal-optional-chaining/download/@babel/plugin-proposal-optional-chaining-7.10.1.tgz#15f5d6d22708629451a91be28f8facc55b0e818c"
    integrity sha1-FfXW0icIYpRRqRvij4+sxVsOgYw=
    dependencies:
      "@babel/helper-plugin-utils" "^7.10.1"
      "@babel/plugin-syntax-optional-chaining" "^7.8.0"
  
  "@babel/plugin-proposal-private-methods@^7.10.1":
    version "7.10.1"
    resolved "https://npm2.myones.net/@babel/plugin-proposal-private-methods/download/@babel/plugin-proposal-private-methods-7.10.1.tgz#ed85e8058ab0fe309c3f448e5e1b73ca89cdb598"
    integrity sha1-7YXoBYqw/jCcP0SOXhtzyonNtZg=
    dependencies:
      "@babel/helper-create-class-features-plugin" "^7.10.1"
      "@babel/helper-plugin-utils" "^7.10.1"
  
  "@babel/plugin-proposal-unicode-property-regex@^7.10.1", "@babel/plugin-proposal-unicode-property-regex@^7.4.4":
    version "7.10.1"
    resolved "https://npm2.myones.net/@babel/plugin-proposal-unicode-property-regex/download/@babel/plugin-proposal-unicode-property-regex-7.10.1.tgz#dc04feb25e2dd70c12b05d680190e138fa2c0c6f"
    integrity sha1-3AT+sl4t1wwSsF1oAZDhOPosDG8=
    dependencies:
      "@babel/helper-create-regexp-features-plugin" "^7.10.1"
      "@babel/helper-plugin-utils" "^7.10.1"
  
  "@babel/plugin-syntax-async-generators@^7.8.0":
    version "7.8.4"
    resolved "https://npm2.myones.net/@babel/plugin-syntax-async-generators/download/@babel/plugin-syntax-async-generators-7.8.4.tgz#a983fb1aeb2ec3f6ed042a210f640e90e786fe0d"
    integrity sha1-qYP7Gusuw/btBCohD2QOkOeG/g0=
    dependencies:
      "@babel/helper-plugin-utils" "^7.8.0"
  
  "@babel/plugin-syntax-class-properties@^7.10.1":
    version "7.10.1"
    resolved "https://npm2.myones.net/@babel/plugin-syntax-class-properties/download/@babel/plugin-syntax-class-properties-7.10.1.tgz#d5bc0645913df5b17ad7eda0fa2308330bde34c5"
    integrity sha1-1bwGRZE99bF61+2g+iMIMwveNMU=
    dependencies:
      "@babel/helper-plugin-utils" "^7.10.1"
  
  "@babel/plugin-syntax-dynamic-import@^7.8.0":
    version "7.8.3"
    resolved "https://npm2.myones.net/@babel/plugin-syntax-dynamic-import/download/@babel/plugin-syntax-dynamic-import-7.8.3.tgz#62bf98b2da3cd21d626154fc96ee5b3cb68eacb3"
    integrity sha1-Yr+Ysto80h1iYVT8lu5bPLaOrLM=
    dependencies:
      "@babel/helper-plugin-utils" "^7.8.0"
  
  "@babel/plugin-syntax-json-strings@^7.8.0":
    version "7.8.3"
    resolved "https://npm2.myones.net/@babel/plugin-syntax-json-strings/download/@babel/plugin-syntax-json-strings-7.8.3.tgz#01ca21b668cd8218c9e640cb6dd88c5412b2c96a"
    integrity sha1-AcohtmjNghjJ5kDLbdiMVBKyyWo=
    dependencies:
      "@babel/helper-plugin-utils" "^7.8.0"
  
  "@babel/plugin-syntax-jsx@^7.10.1", "@babel/plugin-syntax-jsx@^7.8.3":
    version "7.10.1"
    resolved "https://npm2.myones.net/@babel/plugin-syntax-jsx/download/@babel/plugin-syntax-jsx-7.10.1.tgz#0ae371134a42b91d5418feb3c8c8d43e1565d2da"
    integrity sha1-CuNxE0pCuR1UGP6zyMjUPhVl0to=
    dependencies:
      "@babel/helper-plugin-utils" "^7.10.1"
  
  "@babel/plugin-syntax-nullish-coalescing-operator@^7.8.0":
    version "7.8.3"
    resolved "https://npm2.myones.net/@babel/plugin-syntax-nullish-coalescing-operator/download/@babel/plugin-syntax-nullish-coalescing-operator-7.8.3.tgz#167ed70368886081f74b5c36c65a88c03b66d1a9"
    integrity sha1-Fn7XA2iIYIH3S1w2xlqIwDtm0ak=
    dependencies:
      "@babel/helper-plugin-utils" "^7.8.0"
  
  "@babel/plugin-syntax-numeric-separator@^7.10.1":
    version "7.10.1"
    resolved "https://npm2.myones.net/@babel/plugin-syntax-numeric-separator/download/@babel/plugin-syntax-numeric-separator-7.10.1.tgz#25761ee7410bc8cf97327ba741ee94e4a61b7d99"
    integrity sha1-JXYe50ELyM+XMnunQe6U5KYbfZk=
    dependencies:
      "@babel/helper-plugin-utils" "^7.10.1"
  
  "@babel/plugin-syntax-object-rest-spread@^7.8.0":
    version "7.8.3"
    resolved "https://npm2.myones.net/@babel/plugin-syntax-object-rest-spread/download/@babel/plugin-syntax-object-rest-spread-7.8.3.tgz#60e225edcbd98a640332a2e72dd3e66f1af55871"
    integrity sha1-YOIl7cvZimQDMqLnLdPmbxr1WHE=
    dependencies:
      "@babel/helper-plugin-utils" "^7.8.0"
  
  "@babel/plugin-syntax-optional-catch-binding@^7.8.0":
    version "7.8.3"
    resolved "https://npm2.myones.net/@babel/plugin-syntax-optional-catch-binding/download/@babel/plugin-syntax-optional-catch-binding-7.8.3.tgz#6111a265bcfb020eb9efd0fdfd7d26402b9ed6c1"
    integrity sha1-YRGiZbz7Ag6579D9/X0mQCue1sE=
    dependencies:
      "@babel/helper-plugin-utils" "^7.8.0"
  
  "@babel/plugin-syntax-optional-chaining@^7.8.0":
    version "7.8.3"
    resolved "https://npm2.myones.net/@babel/plugin-syntax-optional-chaining/download/@babel/plugin-syntax-optional-chaining-7.8.3.tgz#4f69c2ab95167e0180cd5336613f8c5788f7d48a"
    integrity sha1-T2nCq5UWfgGAzVM2YT+MV4j31Io=
    dependencies:
      "@babel/helper-plugin-utils" "^7.8.0"
  
  "@babel/plugin-syntax-top-level-await@^7.10.1":
    version "7.10.1"
    resolved "https://npm2.myones.net/@babel/plugin-syntax-top-level-await/download/@babel/plugin-syntax-top-level-await-7.10.1.tgz#8b8733f8c57397b3eaa47ddba8841586dcaef362"
    integrity sha1-i4cz+MVzl7PqpH3bqIQVhtyu82I=
    dependencies:
      "@babel/helper-plugin-utils" "^7.10.1"
  
  "@babel/plugin-transform-arrow-functions@^7.10.1":
    version "7.10.1"
    resolved "https://npm2.myones.net/@babel/plugin-transform-arrow-functions/download/@babel/plugin-transform-arrow-functions-7.10.1.tgz#cb5ee3a36f0863c06ead0b409b4cc43a889b295b"
    integrity sha1-y17jo28IY8BurQtAm0zEOoibKVs=
    dependencies:
      "@babel/helper-plugin-utils" "^7.10.1"
  
  "@babel/plugin-transform-async-to-generator@^7.10.1":
    version "7.10.1"
    resolved "https://npm2.myones.net/@babel/plugin-transform-async-to-generator/download/@babel/plugin-transform-async-to-generator-7.10.1.tgz#e5153eb1a3e028f79194ed8a7a4bf55f862b2062"
    integrity sha1-5RU+saPgKPeRlO2Kekv1X4YrIGI=
    dependencies:
      "@babel/helper-module-imports" "^7.10.1"
      "@babel/helper-plugin-utils" "^7.10.1"
      "@babel/helper-remap-async-to-generator" "^7.10.1"
  
  "@babel/plugin-transform-block-scoped-functions@^7.10.1":
    version "7.10.1"
    resolved "https://npm2.myones.net/@babel/plugin-transform-block-scoped-functions/download/@babel/plugin-transform-block-scoped-functions-7.10.1.tgz#146856e756d54b20fff14b819456b3e01820b85d"
    integrity sha1-FGhW51bVSyD/8UuBlFaz4BgguF0=
    dependencies:
      "@babel/helper-plugin-utils" "^7.10.1"
  
  "@babel/plugin-transform-block-scoping@^7.10.1":
    version "7.10.1"
    resolved "https://npm2.myones.net/@babel/plugin-transform-block-scoping/download/@babel/plugin-transform-block-scoping-7.10.1.tgz#47092d89ca345811451cd0dc5d91605982705d5e"
    integrity sha1-Rwktico0WBFFHNDcXZFgWYJwXV4=
    dependencies:
      "@babel/helper-plugin-utils" "^7.10.1"
      lodash "^4.17.13"
  
  "@babel/plugin-transform-classes@^7.10.1":
    version "7.10.1"
    resolved "https://npm2.myones.net/@babel/plugin-transform-classes/download/@babel/plugin-transform-classes-7.10.1.tgz#6e11dd6c4dfae70f540480a4702477ed766d733f"
    integrity sha1-bhHdbE365w9UBICkcCR37XZtcz8=
    dependencies:
      "@babel/helper-annotate-as-pure" "^7.10.1"
      "@babel/helper-define-map" "^7.10.1"
      "@babel/helper-function-name" "^7.10.1"
      "@babel/helper-optimise-call-expression" "^7.10.1"
      "@babel/helper-plugin-utils" "^7.10.1"
      "@babel/helper-replace-supers" "^7.10.1"
      "@babel/helper-split-export-declaration" "^7.10.1"
      globals "^11.1.0"
  
  "@babel/plugin-transform-computed-properties@^7.10.1":
    version "7.10.1"
    resolved "https://npm2.myones.net/@babel/plugin-transform-computed-properties/download/@babel/plugin-transform-computed-properties-7.10.1.tgz#59aa399064429d64dce5cf76ef9b90b7245ebd07"
    integrity sha1-Wao5kGRCnWTc5c9275uQtyRevQc=
    dependencies:
      "@babel/helper-plugin-utils" "^7.10.1"
  
  "@babel/plugin-transform-destructuring@^7.10.1":
    version "7.10.1"
    resolved "https://npm2.myones.net/@babel/plugin-transform-destructuring/download/@babel/plugin-transform-destructuring-7.10.1.tgz#abd58e51337815ca3a22a336b85f62b998e71907"
    integrity sha1-q9WOUTN4Fco6IqM2uF9iuZjnGQc=
    dependencies:
      "@babel/helper-plugin-utils" "^7.10.1"
  
  "@babel/plugin-transform-dotall-regex@^7.10.1", "@babel/plugin-transform-dotall-regex@^7.4.4":
    version "7.10.1"
    resolved "https://npm2.myones.net/@babel/plugin-transform-dotall-regex/download/@babel/plugin-transform-dotall-regex-7.10.1.tgz#920b9fec2d78bb57ebb64a644d5c2ba67cc104ee"
    integrity sha1-kguf7C14u1frtkpkTVwrpnzBBO4=
    dependencies:
      "@babel/helper-create-regexp-features-plugin" "^7.10.1"
      "@babel/helper-plugin-utils" "^7.10.1"
  
  "@babel/plugin-transform-duplicate-keys@^7.10.1":
    version "7.10.1"
    resolved "https://npm2.myones.net/@babel/plugin-transform-duplicate-keys/download/@babel/plugin-transform-duplicate-keys-7.10.1.tgz#c900a793beb096bc9d4d0a9d0cde19518ffc83b9"
    integrity sha1-yQCnk76wlrydTQqdDN4ZUY/8g7k=
    dependencies:
      "@babel/helper-plugin-utils" "^7.10.1"
  
  "@babel/plugin-transform-exponentiation-operator@^7.10.1":
    version "7.10.1"
    resolved "https://npm2.myones.net/@babel/plugin-transform-exponentiation-operator/download/@babel/plugin-transform-exponentiation-operator-7.10.1.tgz#279c3116756a60dd6e6f5e488ba7957db9c59eb3"
    integrity sha1-J5wxFnVqYN1ub15Ii6eVfbnFnrM=
    dependencies:
      "@babel/helper-builder-binary-assignment-operator-visitor" "^7.10.1"
      "@babel/helper-plugin-utils" "^7.10.1"
  
  "@babel/plugin-transform-for-of@^7.10.1":
    version "7.10.1"
    resolved "https://npm2.myones.net/@babel/plugin-transform-for-of/download/@babel/plugin-transform-for-of-7.10.1.tgz#ff01119784eb0ee32258e8646157ba2501fcfda5"
    integrity sha1-/wERl4TrDuMiWOhkYVe6JQH8/aU=
    dependencies:
      "@babel/helper-plugin-utils" "^7.10.1"
  
  "@babel/plugin-transform-function-name@^7.10.1":
    version "7.10.1"
    resolved "https://npm2.myones.net/@babel/plugin-transform-function-name/download/@babel/plugin-transform-function-name-7.10.1.tgz#4ed46fd6e1d8fde2a2ec7b03c66d853d2c92427d"
    integrity sha1-TtRv1uHY/eKi7HsDxm2FPSySQn0=
    dependencies:
      "@babel/helper-function-name" "^7.10.1"
      "@babel/helper-plugin-utils" "^7.10.1"
  
  "@babel/plugin-transform-literals@^7.10.1":
    version "7.10.1"
    resolved "https://npm2.myones.net/@babel/plugin-transform-literals/download/@babel/plugin-transform-literals-7.10.1.tgz#5794f8da82846b22e4e6631ea1658bce708eb46a"
    integrity sha1-V5T42oKEayLk5mMeoWWLznCOtGo=
    dependencies:
      "@babel/helper-plugin-utils" "^7.10.1"
  
  "@babel/plugin-transform-member-expression-literals@^7.10.1":
    version "7.10.1"
    resolved "https://npm2.myones.net/@babel/plugin-transform-member-expression-literals/download/@babel/plugin-transform-member-expression-literals-7.10.1.tgz#90347cba31bca6f394b3f7bd95d2bbfd9fce2f39"
    integrity sha1-kDR8ujG8pvOUs/e9ldK7/Z/OLzk=
    dependencies:
      "@babel/helper-plugin-utils" "^7.10.1"
  
  "@babel/plugin-transform-modules-amd@^7.10.1":
    version "7.10.1"
    resolved "https://npm2.myones.net/@babel/plugin-transform-modules-amd/download/@babel/plugin-transform-modules-amd-7.10.1.tgz#65950e8e05797ebd2fe532b96e19fc5482a1d52a"
    integrity sha1-ZZUOjgV5fr0v5TK5bhn8VIKh1So=
    dependencies:
      "@babel/helper-module-transforms" "^7.10.1"
      "@babel/helper-plugin-utils" "^7.10.1"
      babel-plugin-dynamic-import-node "^2.3.3"
  
  "@babel/plugin-transform-modules-commonjs@^7.10.1":
    version "7.10.1"
    resolved "https://npm2.myones.net/@babel/plugin-transform-modules-commonjs/download/@babel/plugin-transform-modules-commonjs-7.10.1.tgz#d5ff4b4413ed97ffded99961056e1fb980fb9301"
    integrity sha1-1f9LRBPtl//e2ZlhBW4fuYD7kwE=
    dependencies:
      "@babel/helper-module-transforms" "^7.10.1"
      "@babel/helper-plugin-utils" "^7.10.1"
      "@babel/helper-simple-access" "^7.10.1"
      babel-plugin-dynamic-import-node "^2.3.3"
  
  "@babel/plugin-transform-modules-systemjs@^7.10.1":
    version "7.10.1"
    resolved "https://npm2.myones.net/@babel/plugin-transform-modules-systemjs/download/@babel/plugin-transform-modules-systemjs-7.10.1.tgz#9962e4b0ac6aaf2e20431ada3d8ec72082cbffb6"
    integrity sha1-mWLksKxqry4gQxraPY7HIILL/7Y=
    dependencies:
      "@babel/helper-hoist-variables" "^7.10.1"
      "@babel/helper-module-transforms" "^7.10.1"
      "@babel/helper-plugin-utils" "^7.10.1"
      babel-plugin-dynamic-import-node "^2.3.3"
  
  "@babel/plugin-transform-modules-umd@^7.10.1":
    version "7.10.1"
    resolved "https://npm2.myones.net/@babel/plugin-transform-modules-umd/download/@babel/plugin-transform-modules-umd-7.10.1.tgz#ea080911ffc6eb21840a5197a39ede4ee67b1595"
    integrity sha1-6ggJEf/G6yGEClGXo57eTuZ7FZU=
    dependencies:
      "@babel/helper-module-transforms" "^7.10.1"
      "@babel/helper-plugin-utils" "^7.10.1"
  
  "@babel/plugin-transform-named-capturing-groups-regex@^7.8.3":
    version "7.8.3"
    resolved "https://npm2.myones.net/@babel/plugin-transform-named-capturing-groups-regex/download/@babel/plugin-transform-named-capturing-groups-regex-7.8.3.tgz#a2a72bffa202ac0e2d0506afd0939c5ecbc48c6c"
    integrity sha1-oqcr/6ICrA4tBQav0JOcXsvEjGw=
    dependencies:
      "@babel/helper-create-regexp-features-plugin" "^7.8.3"
  
  "@babel/plugin-transform-new-target@^7.10.1":
    version "7.10.1"
    resolved "https://npm2.myones.net/@babel/plugin-transform-new-target/download/@babel/plugin-transform-new-target-7.10.1.tgz#6ee41a5e648da7632e22b6fb54012e87f612f324"
    integrity sha1-buQaXmSNp2MuIrb7VAEuh/YS8yQ=
    dependencies:
      "@babel/helper-plugin-utils" "^7.10.1"
  
  "@babel/plugin-transform-object-super@^7.10.1":
    version "7.10.1"
    resolved "https://npm2.myones.net/@babel/plugin-transform-object-super/download/@babel/plugin-transform-object-super-7.10.1.tgz#2e3016b0adbf262983bf0d5121d676a5ed9c4fde"
    integrity sha1-LjAWsK2/JimDvw1RIdZ2pe2cT94=
    dependencies:
      "@babel/helper-plugin-utils" "^7.10.1"
      "@babel/helper-replace-supers" "^7.10.1"
  
  "@babel/plugin-transform-parameters@^7.10.1":
    version "7.10.1"
    resolved "https://npm2.myones.net/@babel/plugin-transform-parameters/download/@babel/plugin-transform-parameters-7.10.1.tgz#b25938a3c5fae0354144a720b07b32766f683ddd"
    integrity sha1-slk4o8X64DVBRKcgsHsydm9oPd0=
    dependencies:
      "@babel/helper-get-function-arity" "^7.10.1"
      "@babel/helper-plugin-utils" "^7.10.1"
  
  "@babel/plugin-transform-property-literals@^7.10.1":
    version "7.10.1"
    resolved "https://npm2.myones.net/@babel/plugin-transform-property-literals/download/@babel/plugin-transform-property-literals-7.10.1.tgz#cffc7315219230ed81dc53e4625bf86815b6050d"
    integrity sha1-z/xzFSGSMO2B3FPkYlv4aBW2BQ0=
    dependencies:
      "@babel/helper-plugin-utils" "^7.10.1"
  
  "@babel/plugin-transform-react-display-name@^7.8.3":
    version "7.8.3"
    resolved "https://npm2.myones.net/@babel/plugin-transform-react-display-name/download/@babel/plugin-transform-react-display-name-7.8.3.tgz#70ded987c91609f78353dd76d2fb2a0bb991e8e5"
    integrity sha1-cN7Zh8kWCfeDU9120vsqC7mR6OU=
    dependencies:
      "@babel/helper-plugin-utils" "^7.8.3"
  
  "@babel/plugin-transform-react-jsx-development@^7.9.0":
    version "7.9.0"
    resolved "https://npm2.myones.net/@babel/plugin-transform-react-jsx-development/download/@babel/plugin-transform-react-jsx-development-7.9.0.tgz#3c2a130727caf00c2a293f0aed24520825dbf754"
    integrity sha1-PCoTByfK8AwqKT8K7SRSCCXb91Q=
    dependencies:
      "@babel/helper-builder-react-jsx-experimental" "^7.9.0"
      "@babel/helper-plugin-utils" "^7.8.3"
      "@babel/plugin-syntax-jsx" "^7.8.3"
  
  "@babel/plugin-transform-react-jsx-self@^7.9.0":
    version "7.9.0"
    resolved "https://npm2.myones.net/@babel/plugin-transform-react-jsx-self/download/@babel/plugin-transform-react-jsx-self-7.9.0.tgz#f4f26a325820205239bb915bad8e06fcadabb49b"
    integrity sha1-9PJqMlggIFI5u5FbrY4G/K2rtJs=
    dependencies:
      "@babel/helper-plugin-utils" "^7.8.3"
      "@babel/plugin-syntax-jsx" "^7.8.3"
  
  "@babel/plugin-transform-react-jsx-source@^7.9.0":
    version "7.9.0"
    resolved "https://npm2.myones.net/@babel/plugin-transform-react-jsx-source/download/@babel/plugin-transform-react-jsx-source-7.9.0.tgz#89ef93025240dd5d17d3122294a093e5e0183de0"
    integrity sha1-ie+TAlJA3V0X0xIilKCT5eAYPeA=
    dependencies:
      "@babel/helper-plugin-utils" "^7.8.3"
      "@babel/plugin-syntax-jsx" "^7.8.3"
  
  "@babel/plugin-transform-react-jsx@^7.9.4":
    version "7.10.1"
    resolved "https://npm2.myones.net/@babel/plugin-transform-react-jsx/download/@babel/plugin-transform-react-jsx-7.10.1.tgz#91f544248ba131486decb5d9806da6a6e19a2896"
    integrity sha1-kfVEJIuhMUht7LXZgG2mpuGaKJY=
    dependencies:
      "@babel/helper-builder-react-jsx" "^7.10.1"
      "@babel/helper-builder-react-jsx-experimental" "^7.10.1"
      "@babel/helper-plugin-utils" "^7.10.1"
      "@babel/plugin-syntax-jsx" "^7.10.1"
  
  "@babel/plugin-transform-regenerator@^7.10.1":
    version "7.10.1"
    resolved "https://npm2.myones.net/@babel/plugin-transform-regenerator/download/@babel/plugin-transform-regenerator-7.10.1.tgz#10e175cbe7bdb63cc9b39f9b3f823c5c7c5c5490"
    integrity sha1-EOF1y+e9tjzJs5+bP4I8XHxcVJA=
    dependencies:
      regenerator-transform "^0.14.2"
  
  "@babel/plugin-transform-reserved-words@^7.10.1":
    version "7.10.1"
    resolved "https://npm2.myones.net/@babel/plugin-transform-reserved-words/download/@babel/plugin-transform-reserved-words-7.10.1.tgz#0fc1027312b4d1c3276a57890c8ae3bcc0b64a86"
    integrity sha1-D8ECcxK00cMnaleJDIrjvMC2SoY=
    dependencies:
      "@babel/helper-plugin-utils" "^7.10.1"
  
  "@babel/plugin-transform-shorthand-properties@^7.10.1":
    version "7.10.1"
    resolved "https://npm2.myones.net/@babel/plugin-transform-shorthand-properties/download/@babel/plugin-transform-shorthand-properties-7.10.1.tgz#e8b54f238a1ccbae482c4dce946180ae7b3143f3"
    integrity sha1-6LVPI4ocy65ILE3OlGGArnsxQ/M=
    dependencies:
      "@babel/helper-plugin-utils" "^7.10.1"
  
  "@babel/plugin-transform-spread@^7.10.1":
    version "7.10.1"
    resolved "https://npm2.myones.net/@babel/plugin-transform-spread/download/@babel/plugin-transform-spread-7.10.1.tgz#0c6d618a0c4461a274418460a28c9ccf5239a7c8"
    integrity sha1-DG1higxEYaJ0QYRgooycz1I5p8g=
    dependencies:
      "@babel/helper-plugin-utils" "^7.10.1"
  
  "@babel/plugin-transform-sticky-regex@^7.10.1":
    version "7.10.1"
    resolved "https://npm2.myones.net/@babel/plugin-transform-sticky-regex/download/@babel/plugin-transform-sticky-regex-7.10.1.tgz#90fc89b7526228bed9842cff3588270a7a393b00"
    integrity sha1-kPyJt1JiKL7ZhCz/NYgnCno5OwA=
    dependencies:
      "@babel/helper-plugin-utils" "^7.10.1"
      "@babel/helper-regex" "^7.10.1"
  
  "@babel/plugin-transform-template-literals@^7.10.1":
    version "7.10.1"
    resolved "https://npm2.myones.net/@babel/plugin-transform-template-literals/download/@babel/plugin-transform-template-literals-7.10.1.tgz#914c7b7f4752c570ea00553b4284dad8070e8628"
    integrity sha1-kUx7f0dSxXDqAFU7QoTa2AcOhig=
    dependencies:
      "@babel/helper-annotate-as-pure" "^7.10.1"
      "@babel/helper-plugin-utils" "^7.10.1"
  
  "@babel/plugin-transform-typeof-symbol@^7.10.1":
    version "7.10.1"
    resolved "https://npm2.myones.net/@babel/plugin-transform-typeof-symbol/download/@babel/plugin-transform-typeof-symbol-7.10.1.tgz#60c0239b69965d166b80a84de7315c1bc7e0bb0e"
    integrity sha1-YMAjm2mWXRZrgKhN5zFcG8fguw4=
    dependencies:
      "@babel/helper-plugin-utils" "^7.10.1"
  
  "@babel/plugin-transform-unicode-escapes@^7.10.1":
    version "7.10.1"
    resolved "https://npm2.myones.net/@babel/plugin-transform-unicode-escapes/download/@babel/plugin-transform-unicode-escapes-7.10.1.tgz#add0f8483dab60570d9e03cecef6c023aa8c9940"
    integrity sha1-rdD4SD2rYFcNngPOzvbAI6qMmUA=
    dependencies:
      "@babel/helper-plugin-utils" "^7.10.1"
  
  "@babel/plugin-transform-unicode-regex@^7.10.1":
    version "7.10.1"
    resolved "https://npm2.myones.net/@babel/plugin-transform-unicode-regex/download/@babel/plugin-transform-unicode-regex-7.10.1.tgz#6b58f2aea7b68df37ac5025d9c88752443a6b43f"
    integrity sha1-a1jyrqe2jfN6xQJdnIh1JEOmtD8=
    dependencies:
      "@babel/helper-create-regexp-features-plugin" "^7.10.1"
      "@babel/helper-plugin-utils" "^7.10.1"
  
  "@babel/preset-env@^7.10.2":
    version "7.10.2"
    resolved "https://npm2.myones.net/@babel/preset-env/download/@babel/preset-env-7.10.2.tgz#715930f2cf8573b0928005ee562bed52fb65fdfb"
    integrity sha1-cVkw8s+Fc7CSgAXuVivtUvtl/fs=
    dependencies:
      "@babel/compat-data" "^7.10.1"
      "@babel/helper-compilation-targets" "^7.10.2"
      "@babel/helper-module-imports" "^7.10.1"
      "@babel/helper-plugin-utils" "^7.10.1"
      "@babel/plugin-proposal-async-generator-functions" "^7.10.1"
      "@babel/plugin-proposal-class-properties" "^7.10.1"
      "@babel/plugin-proposal-dynamic-import" "^7.10.1"
      "@babel/plugin-proposal-json-strings" "^7.10.1"
      "@babel/plugin-proposal-nullish-coalescing-operator" "^7.10.1"
      "@babel/plugin-proposal-numeric-separator" "^7.10.1"
      "@babel/plugin-proposal-object-rest-spread" "^7.10.1"
      "@babel/plugin-proposal-optional-catch-binding" "^7.10.1"
      "@babel/plugin-proposal-optional-chaining" "^7.10.1"
      "@babel/plugin-proposal-private-methods" "^7.10.1"
      "@babel/plugin-proposal-unicode-property-regex" "^7.10.1"
      "@babel/plugin-syntax-async-generators" "^7.8.0"
      "@babel/plugin-syntax-class-properties" "^7.10.1"
      "@babel/plugin-syntax-dynamic-import" "^7.8.0"
      "@babel/plugin-syntax-json-strings" "^7.8.0"
      "@babel/plugin-syntax-nullish-coalescing-operator" "^7.8.0"
      "@babel/plugin-syntax-numeric-separator" "^7.10.1"
      "@babel/plugin-syntax-object-rest-spread" "^7.8.0"
      "@babel/plugin-syntax-optional-catch-binding" "^7.8.0"
      "@babel/plugin-syntax-optional-chaining" "^7.8.0"
      "@babel/plugin-syntax-top-level-await" "^7.10.1"
      "@babel/plugin-transform-arrow-functions" "^7.10.1"
      "@babel/plugin-transform-async-to-generator" "^7.10.1"
      "@babel/plugin-transform-block-scoped-functions" "^7.10.1"
      "@babel/plugin-transform-block-scoping" "^7.10.1"
      "@babel/plugin-transform-classes" "^7.10.1"
      "@babel/plugin-transform-computed-properties" "^7.10.1"
      "@babel/plugin-transform-destructuring" "^7.10.1"
      "@babel/plugin-transform-dotall-regex" "^7.10.1"
      "@babel/plugin-transform-duplicate-keys" "^7.10.1"
      "@babel/plugin-transform-exponentiation-operator" "^7.10.1"
      "@babel/plugin-transform-for-of" "^7.10.1"
      "@babel/plugin-transform-function-name" "^7.10.1"
      "@babel/plugin-transform-literals" "^7.10.1"
      "@babel/plugin-transform-member-expression-literals" "^7.10.1"
      "@babel/plugin-transform-modules-amd" "^7.10.1"
      "@babel/plugin-transform-modules-commonjs" "^7.10.1"
      "@babel/plugin-transform-modules-systemjs" "^7.10.1"
      "@babel/plugin-transform-modules-umd" "^7.10.1"
      "@babel/plugin-transform-named-capturing-groups-regex" "^7.8.3"
      "@babel/plugin-transform-new-target" "^7.10.1"
      "@babel/plugin-transform-object-super" "^7.10.1"
      "@babel/plugin-transform-parameters" "^7.10.1"
      "@babel/plugin-transform-property-literals" "^7.10.1"
      "@babel/plugin-transform-regenerator" "^7.10.1"
      "@babel/plugin-transform-reserved-words" "^7.10.1"
      "@babel/plugin-transform-shorthand-properties" "^7.10.1"
      "@babel/plugin-transform-spread" "^7.10.1"
      "@babel/plugin-transform-sticky-regex" "^7.10.1"
      "@babel/plugin-transform-template-literals" "^7.10.1"
      "@babel/plugin-transform-typeof-symbol" "^7.10.1"
      "@babel/plugin-transform-unicode-escapes" "^7.10.1"
      "@babel/plugin-transform-unicode-regex" "^7.10.1"
      "@babel/preset-modules" "^0.1.3"
      "@babel/types" "^7.10.2"
      browserslist "^4.12.0"
      core-js-compat "^3.6.2"
      invariant "^2.2.2"
      levenary "^1.1.1"
      semver "^5.5.0"
  
  "@babel/preset-modules@^0.1.3":
    version "0.1.3"
    resolved "https://npm2.myones.net/@babel/preset-modules/download/@babel/preset-modules-0.1.3.tgz#13242b53b5ef8c883c3cf7dddd55b36ce80fbc72"
    integrity sha1-EyQrU7XvjIg8PPfd3VWzbOgPvHI=
    dependencies:
      "@babel/helper-plugin-utils" "^7.0.0"
      "@babel/plugin-proposal-unicode-property-regex" "^7.4.4"
      "@babel/plugin-transform-dotall-regex" "^7.4.4"
      "@babel/types" "^7.4.4"
      esutils "^2.0.2"
  
  "@babel/preset-react@^7.9.4":
    version "7.9.4"
    resolved "https://npm2.myones.net/@babel/preset-react/download/@babel/preset-react-7.9.4.tgz#c6c97693ac65b6b9c0b4f25b948a8f665463014d"
    integrity sha1-xsl2k6xltrnAtPJblIqPZlRjAU0=
    dependencies:
      "@babel/helper-plugin-utils" "^7.8.3"
      "@babel/plugin-transform-react-display-name" "^7.8.3"
      "@babel/plugin-transform-react-jsx" "^7.9.4"
      "@babel/plugin-transform-react-jsx-development" "^7.9.0"
      "@babel/plugin-transform-react-jsx-self" "^7.9.0"
      "@babel/plugin-transform-react-jsx-source" "^7.9.0"
  
  "@babel/runtime@^7.8.4":
    version "7.9.6"
    resolved "https://npm2.myones.net/@babel/runtime/download/@babel/runtime-7.9.6.tgz#a9102eb5cadedf3f31d08a9ecf294af7827ea29f"
    integrity sha1-qRAutcre3z8x0IqezylK94J+op8=
    dependencies:
      regenerator-runtime "^0.13.4"
  
  "@babel/template@^7.10.1":
    version "7.10.1"
    resolved "https://npm2.myones.net/@babel/template/download/@babel/template-7.10.1.tgz#e167154a94cb5f14b28dc58f5356d2162f539811"
    integrity sha1-4WcVSpTLXxSyjcWPU1bSFi9TmBE=
    dependencies:
      "@babel/code-frame" "^7.10.1"
      "@babel/parser" "^7.10.1"
      "@babel/types" "^7.10.1"
  
  "@babel/traverse@^7.10.1":
    version "7.10.1"
    resolved "https://npm2.myones.net/@babel/traverse/download/@babel/traverse-7.10.1.tgz#bbcef3031e4152a6c0b50147f4958df54ca0dd27"
    integrity sha1-u87zAx5BUqbAtQFH9JWN9Uyg3Sc=
    dependencies:
      "@babel/code-frame" "^7.10.1"
      "@babel/generator" "^7.10.1"
      "@babel/helper-function-name" "^7.10.1"
      "@babel/helper-split-export-declaration" "^7.10.1"
      "@babel/parser" "^7.10.1"
      "@babel/types" "^7.10.1"
      debug "^4.1.0"
      globals "^11.1.0"
      lodash "^4.17.13"
  
  "@babel/types@^7.10.1", "@babel/types@^7.10.2", "@babel/types@^7.4.4":
    version "7.10.2"
    resolved "https://npm2.myones.net/@babel/types/download/@babel/types-7.10.2.tgz#30283be31cad0dbf6fb00bd40641ca0ea675172d"
    integrity sha1-MCg74xytDb9vsAvUBkHKDqZ1Fy0=
    dependencies:
      "@babel/helper-validator-identifier" "^7.10.1"
      lodash "^4.17.13"
      to-fast-properties "^2.0.0"
  
  "@nodelib/fs.scandir@2.1.3":
    version "2.1.3"
    resolved "https://npm2.myones.net/@nodelib/fs.scandir/download/@nodelib/fs.scandir-2.1.3.tgz#3a582bdb53804c6ba6d146579c46e52130cf4a3b"
    integrity sha1-Olgr21OATGum0UZXnEblITDPSjs=
    dependencies:
      "@nodelib/fs.stat" "2.0.3"
      run-parallel "^1.1.9"
  
  "@nodelib/fs.stat@2.0.3", "@nodelib/fs.stat@^2.0.2":
    version "2.0.3"
    resolved "https://npm2.myones.net/@nodelib/fs.stat/download/@nodelib/fs.stat-2.0.3.tgz#34dc5f4cabbc720f4e60f75a747e7ecd6c175bd3"
    integrity sha1-NNxfTKu8cg9OYPdadH5+zWwXW9M=
  
  "@nodelib/fs.walk@^1.2.3":
    version "1.2.4"
    resolved "https://npm2.myones.net/@nodelib/fs.walk/download/@nodelib/fs.walk-1.2.4.tgz#011b9202a70a6366e436ca5c065844528ab04976"
    integrity sha1-ARuSAqcKY2bkNspcBlhEUoqwSXY=
    dependencies:
      "@nodelib/fs.scandir" "2.1.3"
      fastq "^1.6.0"
  
  "@rollup/plugin-babel@^5.0.3":
    version "5.0.3"
    resolved "https://registry.yarnpkg.com/@rollup/plugin-babel/-/plugin-babel-5.0.3.tgz#8d416865b0da79faf14e07c8d233abe0eac0753d"
    integrity sha512-NlaPf4E6YFxeOCbqc+A2PTkB1BSy3rfKu6EJuQ1MGhMHpTVvMqKi6Rf0DlwtnEsTNK9LueUgsGEgp5Occ4KDVA==
    dependencies:
      "@babel/helper-module-imports" "^7.7.4"
      "@rollup/pluginutils" "^3.0.8"
  
  "@rollup/plugin-commonjs@^12.0.0":
    version "12.0.0"
    resolved "https://npm2.myones.net/@rollup/plugin-commonjs/download/@rollup/plugin-commonjs-12.0.0.tgz#e2f308ae6057499e0f413f878fff7c3a0fdc02a1"
    integrity sha1-4vMIrmBXSZ4PQT+Hj/98Og/cAqE=
    dependencies:
      "@rollup/pluginutils" "^3.0.8"
      commondir "^1.0.1"
      estree-walker "^1.0.1"
      glob "^7.1.2"
      is-reference "^1.1.2"
      magic-string "^0.25.2"
      resolve "^1.11.0"
  
  "@rollup/plugin-node-resolve@^8.0.0":
    version "8.0.0"
    resolved "https://npm2.myones.net/@rollup/plugin-node-resolve/download/@rollup/plugin-node-resolve-8.0.0.tgz#47cc0775e31b6a531c88a40270377fe899a271cb"
    integrity sha1-R8wHdeMbalMciKQCcDd/6Jmiccs=
    dependencies:
      "@rollup/pluginutils" "^3.0.8"
      "@types/resolve" "0.0.8"
      builtin-modules "^3.1.0"
      deep-freeze "^0.0.1"
      deepmerge "^4.2.2"
      is-module "^1.0.0"
      resolve "^1.14.2"
  
  "@rollup/plugin-replace@^2.3.2":
    version "2.3.2"
    resolved "https://npm2.myones.net/@rollup/plugin-replace/download/@rollup/plugin-replace-2.3.2.tgz#da4e0939047f793c2eb5eedfd6c271232d0a033f"
    integrity sha1-2k4JOQR/eTwute7f1sJxIy0KAz8=
    dependencies:
      "@rollup/pluginutils" "^3.0.8"
      magic-string "^0.25.5"
  
  "@rollup/pluginutils@^3.0.8":
    version "3.0.10"
    resolved "https://npm2.myones.net/@rollup/pluginutils/download/@rollup/pluginutils-3.0.10.tgz#a659b9025920378494cd8f8c59fbf9b3a50d5f12"
    integrity sha1-plm5AlkgN4SUzY+MWfv5s6UNXxI=
    dependencies:
      "@types/estree" "0.0.39"
      estree-walker "^1.0.1"
      picomatch "^2.2.2"
  
  "@types/estree@0.0.39":
    version "0.0.39"
    resolved "https://npm2.myones.net/@types/estree/download/@types/estree-0.0.39.tgz#e177e699ee1b8c22d23174caaa7422644389509f"
    integrity sha1-4Xfmme4bjCLSMXTKqnQiZEOJUJ8=
  
  "@types/estree@0.0.44":
    version "0.0.44"
    resolved "https://npm2.myones.net/@types/estree/download/@types/estree-0.0.44.tgz#980cc5a29a3ef3bea6ff1f7d021047d7ea575e21"
    integrity sha1-mAzFopo+876m/x99AhBH1+pXXiE=
  
  "@types/fs-extra@^8.0.1":
    version "8.1.0"
    resolved "https://npm2.myones.net/@types/fs-extra/download/@types/fs-extra-8.1.0.tgz#1114834b53c3914806cd03b3304b37b3bd221a4d"
    integrity sha1-ERSDS1PDkUgGzQOzMEs3s70iGk0=
    dependencies:
      "@types/node" "*"
  
  "@types/glob@^7.1.1":
    version "7.1.2"
    resolved "https://npm2.myones.net/@types/glob/download/@types/glob-7.1.2.tgz#06ca26521353a545d94a0adc74f38a59d232c987"
    integrity sha1-BsomUhNTpUXZSgrcdPOKWdIyyYc=
    dependencies:
      "@types/minimatch" "*"
      "@types/node" "*"
  
  "@types/minimatch@*":
    version "3.0.3"
    resolved "https://npm2.myones.net/@types/minimatch/download/@types/minimatch-3.0.3.tgz#3dca0e3f33b200fc7d1139c0cd96c1268cadfd9d"
    integrity sha1-PcoOPzOyAPx9ETnAzZbBJoyt/Z0=
  
  "@types/node@*":
    version "14.0.11"
    resolved "https://npm2.myones.net/@types/node/download/@types/node-14.0.11.tgz#61d4886e2424da73b7b25547f59fdcb534c165a3"
    integrity sha1-YdSIbiQk2nO3slVH9Z/ctTTBZaM=
  
  "@types/prop-types@*":
    version "15.7.3"
    resolved "https://npm2.myones.net/@types/prop-types/download/@types/prop-types-15.7.3.tgz#2ab0d5da2e5815f94b0b9d4b95d1e5f243ab2ca7"
    integrity sha1-KrDV2i5YFflLC51LldHl8kOrLKc=
  
  "@types/react-dom@^16.9.5":
    version "16.9.5"
    resolved "https://npm2.myones.net/@types/react-dom/download/@types/react-dom-16.9.5.tgz#5de610b04a35d07ffd8f44edad93a71032d9aaa7"
    integrity sha1-XeYQsEo10H/9j0TtrZOnEDLZqqc=
    dependencies:
      "@types/react" "*"
  
  "@types/react@*", "@types/react@^16.9.34":
    version "16.9.34"
    resolved "https://npm2.myones.net/@types/react/download/@types/react-16.9.34.tgz#f7d5e331c468f53affed17a8a4d488cd44ea9349"
    integrity sha1-99XjMcRo9Tr/7ReopNSIzUTqk0k=
    dependencies:
      "@types/prop-types" "*"
      csstype "^2.2.0"
  
  "@types/resolve@0.0.8":
    version "0.0.8"
    resolved "https://npm2.myones.net/@types/resolve/download/@types/resolve-0.0.8.tgz#f26074d238e02659e323ce1a13d041eee280e194"
    integrity sha1-8mB00jjgJlnjI84aE9BB7uKA4ZQ=
    dependencies:
      "@types/node" "*"
  
  ansi-styles@^3.2.1:
    version "3.2.1"
    resolved "https://npm2.myones.net/ansi-styles/download/ansi-styles-3.2.1.tgz#41fbb20243e50b12be0f04b8dedbf07520ce841d"
    integrity sha1-QfuyAkPlCxK+DwS43tvwdSDOhB0=
    dependencies:
      color-convert "^1.9.0"
  
  array-union@^2.1.0:
    version "2.1.0"
    resolved "https://npm2.myones.net/array-union/download/array-union-2.1.0.tgz#b798420adbeb1de828d84acd8a2e23d3efe85e8d"
    integrity sha1-t5hCCtvrHego2ErNii4j0+/oXo0=
  
  babel-plugin-dynamic-import-node@^2.3.3:
    version "2.3.3"
    resolved "https://npm2.myones.net/babel-plugin-dynamic-import-node/download/babel-plugin-dynamic-import-node-2.3.3.tgz#84fda19c976ec5c6defef57f9427b3def66e17a3"
    integrity sha1-hP2hnJduxcbe/vV/lCez3vZuF6M=
    dependencies:
      object.assign "^4.1.0"
  
  balanced-match@^1.0.0:
    version "1.0.0"
    resolved "https://npm2.myones.net/balanced-match/download/balanced-match-1.0.0.tgz#89b4d199ab2bee49de164ea02b89ce462d71b767"
    integrity sha1-ibTRmasr7kneFk6gK4nORi1xt2c=
  
  brace-expansion@^1.1.7:
    version "1.1.11"
    resolved "https://npm2.myones.net/brace-expansion/download/brace-expansion-1.1.11.tgz#3c7fcbf529d87226f3d2f52b966ff5271eb441dd"
    integrity sha1-PH/L9SnYcibz0vUrlm/1Jx60Qd0=
    dependencies:
      balanced-match "^1.0.0"
      concat-map "0.0.1"
  
  braces@^3.0.1:
    version "3.0.2"
    resolved "https://npm2.myones.net/braces/download/braces-3.0.2.tgz#3454e1a462ee8d599e236df336cd9ea4f8afe107"
    integrity sha1-NFThpGLujVmeI23zNs2epPiv4Qc=
    dependencies:
      fill-range "^7.0.1"
  
  browserslist@^4.12.0, browserslist@^4.8.5:
    version "4.12.0"
    resolved "https://npm2.myones.net/browserslist/download/browserslist-4.12.0.tgz#06c6d5715a1ede6c51fc39ff67fd647f740b656d"
    integrity sha1-BsbVcVoe3mxR/Dn/Z/1kf3QLZW0=
    dependencies:
      caniuse-lite "^1.0.30001043"
      electron-to-chromium "^1.3.413"
      node-releases "^1.1.53"
      pkg-up "^2.0.0"
  
  builtin-modules@^3.1.0:
    version "3.1.0"
    resolved "https://npm2.myones.net/builtin-modules/download/builtin-modules-3.1.0.tgz#aad97c15131eb76b65b50ef208e7584cd76a7484"
    integrity sha1-qtl8FRMet2tltQ7yCOdYTNdqdIQ=
  
  caniuse-lite@^1.0.30001043:
    version "1.0.30001061"
    resolved "https://npm2.myones.net/caniuse-lite/download/caniuse-lite-1.0.30001061.tgz#80ca87ef14eb543a7458e7fd2b5e2face3458c9f"
    integrity sha1-gMqH7xTrVDp0WOf9K14vrONFjJ8=
  
  chalk@^2.0.0:
    version "2.4.2"
    resolved "https://npm2.myones.net/chalk/download/chalk-2.4.2.tgz#cd42541677a54333cf541a49108c1432b44c9424"
    integrity sha1-zUJUFnelQzPPVBpJEIwUMrRMlCQ=
    dependencies:
      ansi-styles "^3.2.1"
      escape-string-regexp "^1.0.5"
      supports-color "^5.3.0"
  
  color-convert@^1.9.0:
    version "1.9.3"
    resolved "https://npm2.myones.net/color-convert/download/color-convert-1.9.3.tgz#bb71850690e1f136567de629d2d5471deda4c1e8"
    integrity sha1-u3GFBpDh8TZWfeYp0tVHHe2kweg=
    dependencies:
      color-name "1.1.3"
  
  color-name@1.1.3:
    version "1.1.3"
    resolved "https://npm2.myones.net/color-name/download/color-name-1.1.3.tgz#a7d0558bd89c42f795dd42328f740831ca53bc25"
    integrity sha1-p9BVi9icQveV3UIyj3QIMcpTvCU=
  
  colorette@^1.1.0:
    version "1.1.0"
    resolved "https://npm2.myones.net/colorette/download/colorette-1.1.0.tgz#1f943e5a357fac10b4e0f5aaef3b14cdc1af6ec7"
    integrity sha1-H5Q+WjV/rBC04PWq7zsUzcGvbsc=
  
  commondir@^1.0.1:
    version "1.0.1"
    resolved "https://npm2.myones.net/commondir/download/commondir-1.0.1.tgz#ddd800da0c66127393cca5950ea968a3aaf1253b"
    integrity sha1-3dgA2gxmEnOTzKWVDqloo6rxJTs=
  
  concat-map@0.0.1:
    version "0.0.1"
    resolved "https://npm2.myones.net/concat-map/download/concat-map-0.0.1.tgz#d8a96bd77fd68df7793a73036a3ba0d5405d477b"
    integrity sha1-2Klr13/Wjfd5OnMDajug1UBdR3s=
  
  convert-source-map@^1.7.0:
    version "1.7.0"
    resolved "https://npm2.myones.net/convert-source-map/download/convert-source-map-1.7.0.tgz#17a2cb882d7f77d3490585e2ce6c524424a3a442"
    integrity sha1-F6LLiC1/d9NJBYXizmxSRCSjpEI=
    dependencies:
      safe-buffer "~5.1.1"
  
  core-js-compat@^3.6.2:
    version "3.6.5"
    resolved "https://npm2.myones.net/core-js-compat/download/core-js-compat-3.6.5.tgz#2a51d9a4e25dfd6e690251aa81f99e3c05481f1c"
    integrity sha1-KlHZpOJd/W5pAlGqgfmePAVIHxw=
    dependencies:
      browserslist "^4.8.5"
      semver "7.0.0"
  
  csstype@^2.2.0:
    version "2.6.10"
    resolved "https://npm2.myones.net/csstype/download/csstype-2.6.10.tgz#e63af50e66d7c266edb6b32909cfd0aabe03928b"
    integrity sha1-5jr1DmbXwmbttrMpCc/Qqr4Dkos=
  
  debug@^4.1.0:
    version "4.1.1"
    resolved "https://npm2.myones.net/debug/download/debug-4.1.1.tgz#3b72260255109c6b589cee050f1d516139664791"
    integrity sha1-O3ImAlUQnGtYnO4FDx1RYTlmR5E=
    dependencies:
      ms "^2.1.1"
  
  deep-freeze@^0.0.1:
    version "0.0.1"
    resolved "https://npm2.myones.net/deep-freeze/download/deep-freeze-0.0.1.tgz#3a0b0005de18672819dfd38cd31f91179c893e84"
    integrity sha1-OgsABd4YZygZ39OM0x+RF5yJPoQ=
  
  deepmerge@^4.2.2:
    version "4.2.2"
    resolved "https://npm2.myones.net/deepmerge/download/deepmerge-4.2.2.tgz#44d2ea3679b8f4d4ffba33f03d865fc1e7bf4955"
    integrity sha1-RNLqNnm49NT/ujPwPYZfwee/SVU=
  
  define-properties@^1.1.2:
    version "1.1.3"
    resolved "https://npm2.myones.net/define-properties/download/define-properties-1.1.3.tgz#cf88da6cbee26fe6db7094f61d870cbd84cee9f1"
    integrity sha1-z4jabL7ib+bbcJT2HYcMvYTO6fE=
    dependencies:
      object-keys "^1.0.12"
  
  dir-glob@^3.0.1:
    version "3.0.1"
    resolved "https://npm2.myones.net/dir-glob/download/dir-glob-3.0.1.tgz#56dbf73d992a4a93ba1584f4534063fd2e41717f"
    integrity sha1-Vtv3PZkqSpO6FYT0U0Bj/S5BcX8=
    dependencies:
      path-type "^4.0.0"
  
  electron-to-chromium@^1.3.413:
    version "1.3.414"
    resolved "https://npm2.myones.net/electron-to-chromium/download/electron-to-chromium-1.3.414.tgz#9d0a92defefda7cc1cf8895058b892795ddd6b41"
    integrity sha1-nQqS3v79p8wc+IlQWLiSeV3da0E=
  
  escape-string-regexp@^1.0.5:
    version "1.0.5"
    resolved "https://npm2.myones.net/escape-string-regexp/download/escape-string-regexp-1.0.5.tgz#1b61c0562190a8dff6ae3bb2cf0200ca130b86d4"
    integrity sha1-G2HAViGQqN/2rjuyzwIAyhMLhtQ=
  
  estree-walker@^1.0.1:
    version "1.0.1"
    resolved "https://npm2.myones.net/estree-walker/download/estree-walker-1.0.1.tgz#31bc5d612c96b704106b477e6dd5d8aa138cb700"
    integrity sha1-MbxdYSyWtwQQa0d+bdXYqhOMtwA=
  
  esutils@^2.0.2:
    version "2.0.3"
    resolved "https://npm2.myones.net/esutils/download/esutils-2.0.3.tgz#74d2eb4de0b8da1293711910d50775b9b710ef64"
    integrity sha1-dNLrTeC42hKTcRkQ1Qd1ubcQ72Q=
  
  fast-glob@^3.0.3:
    version "3.2.2"
    resolved "https://npm2.myones.net/fast-glob/download/fast-glob-3.2.2.tgz#ade1a9d91148965d4bf7c51f72e1ca662d32e63d"
    integrity sha1-reGp2RFIll1L98UfcuHKZi0y5j0=
    dependencies:
      "@nodelib/fs.stat" "^2.0.2"
      "@nodelib/fs.walk" "^1.2.3"
      glob-parent "^5.1.0"
      merge2 "^1.3.0"
      micromatch "^4.0.2"
      picomatch "^2.2.1"
  
  fastq@^1.6.0:
    version "1.7.0"
    resolved "https://npm2.myones.net/fastq/download/fastq-1.7.0.tgz#fcd79a08c5bd7ec5b55cd3f5c4720db551929801"
    integrity sha1-/NeaCMW9fsW1XNP1xHINtVGSmAE=
    dependencies:
      reusify "^1.0.4"
  
  fill-range@^7.0.1:
    version "7.0.1"
    resolved "https://npm2.myones.net/fill-range/download/fill-range-7.0.1.tgz#1919a6a7c75fe38b2c7c77e5198535da9acdda40"
    integrity sha1-GRmmp8df44ssfHflGYU12prN2kA=
    dependencies:
      to-regex-range "^5.0.1"
  
  find-up@^2.1.0:
    version "2.1.0"
    resolved "https://npm2.myones.net/find-up/download/find-up-2.1.0.tgz#45d1b7e506c717ddd482775a2b77920a3c0c57a7"
    integrity sha1-RdG35QbHF93UgndaK3eSCjwMV6c=
    dependencies:
      locate-path "^2.0.0"
  
  fs-extra@^8.1.0:
    version "8.1.0"
    resolved "https://npm2.myones.net/fs-extra/download/fs-extra-8.1.0.tgz#49d43c45a88cd9677668cb7be1b46efdb8d2e1c0"
    integrity sha1-SdQ8RaiM2Wd2aMt74bRu/bjS4cA=
    dependencies:
      graceful-fs "^4.2.0"
      jsonfile "^4.0.0"
      universalify "^0.1.0"
  
  fs.realpath@^1.0.0:
    version "1.0.0"
    resolved "https://npm2.myones.net/fs.realpath/download/fs.realpath-1.0.0.tgz#1504ad2523158caa40db4a2787cb01411994ea4f"
    integrity sha1-FQStJSMVjKpA20onh8sBQRmU6k8=
  
  fsevents@~2.1.2:
    version "2.1.3"
    resolved "https://npm2.myones.net/fsevents/download/fsevents-2.1.3.tgz#fb738703ae8d2f9fe900c33836ddebee8b97f23e"
    integrity sha1-+3OHA66NL5/pAMM4Nt3r7ouX8j4=
  
  function-bind@^1.1.1:
    version "1.1.1"
    resolved "https://npm2.myones.net/function-bind/download/function-bind-1.1.1.tgz#a56899d3ea3c9bab874bb9773b7c5ede92f4895d"
    integrity sha1-pWiZ0+o8m6uHS7l3O3xe3pL0iV0=
  
  gensync@^1.0.0-beta.1:
    version "1.0.0-beta.1"
    resolved "https://npm2.myones.net/gensync/download/gensync-1.0.0-beta.1.tgz#58f4361ff987e5ff6e1e7a210827aa371eaac269"
    integrity sha1-WPQ2H/mH5f9uHnohCCeqNx6qwmk=
  
  glob-parent@^5.1.0:
    version "5.1.1"
    resolved "https://npm2.myones.net/glob-parent/download/glob-parent-5.1.1.tgz#b6c1ef417c4e5663ea498f1c45afac6916bbc229"
    integrity sha1-tsHvQXxOVmPqSY8cRa+saRa7wik=
    dependencies:
      is-glob "^4.0.1"
  
  glob@^7.1.2, glob@^7.1.3:
    version "7.1.6"
    resolved "https://npm2.myones.net/glob/download/glob-7.1.6.tgz#141f33b81a7c2492e125594307480c46679278a6"
    integrity sha1-FB8zuBp8JJLhJVlDB0gMRmeSeKY=
    dependencies:
      fs.realpath "^1.0.0"
      inflight "^1.0.4"
      inherits "2"
      minimatch "^3.0.4"
      once "^1.3.0"
      path-is-absolute "^1.0.0"
  
  globals@^11.1.0:
    version "11.12.0"
    resolved "https://npm2.myones.net/globals/download/globals-11.12.0.tgz#ab8795338868a0babd8525758018c2a7eb95c42e"
    integrity sha1-q4eVM4hooLq9hSV1gBjCp+uVxC4=
  
  globby@10.0.1:
    version "10.0.1"
    resolved "https://npm2.myones.net/globby/download/globby-10.0.1.tgz#4782c34cb75dd683351335c5829cc3420e606b22"
    integrity sha1-R4LDTLdd1oM1EzXFgpzDQg5gayI=
    dependencies:
      "@types/glob" "^7.1.1"
      array-union "^2.1.0"
      dir-glob "^3.0.1"
      fast-glob "^3.0.3"
      glob "^7.1.3"
      ignore "^5.1.1"
      merge2 "^1.2.3"
      slash "^3.0.0"
  
  graceful-fs@^4.1.6, graceful-fs@^4.2.0:
    version "4.2.4"
    resolved "https://npm2.myones.net/graceful-fs/download/graceful-fs-4.2.4.tgz#2256bde14d3632958c465ebc96dc467ca07a29fb"
    integrity sha1-Ila94U02MpWMRl68ltxGfKB6Kfs=
  
  has-flag@^3.0.0:
    version "3.0.0"
    resolved "https://npm2.myones.net/has-flag/download/has-flag-3.0.0.tgz#b5d454dc2199ae225699f3467e5a07f3b955bafd"
    integrity sha1-tdRU3CGZriJWmfNGfloH87lVuv0=
  
  has-symbols@^1.0.0:
    version "1.0.1"
    resolved "https://npm2.myones.net/has-symbols/download/has-symbols-1.0.1.tgz#9f5214758a44196c406d9bd76cebf81ec2dd31e8"
    integrity sha1-n1IUdYpEGWxAbZvXbOv4HsLdMeg=
  
  ignore@^5.1.1:
    version "5.1.8"
    resolved "https://npm2.myones.net/ignore/download/ignore-5.1.8.tgz#f150a8b50a34289b33e22f5889abd4d8016f0e57"
    integrity sha1-8VCotQo0KJsz4i9YiavU2AFvDlc=
  
  inflight@^1.0.4:
    version "1.0.6"
    resolved "https://npm2.myones.net/inflight/download/inflight-1.0.6.tgz#49bd6331d7d02d0c09bc910a1075ba8165b56df9"
    integrity sha1-Sb1jMdfQLQwJvJEKEHW6gWW1bfk=
    dependencies:
      once "^1.3.0"
      wrappy "1"
  
  inherits@2:
    version "2.0.4"
    resolved "https://npm2.myones.net/inherits/download/inherits-2.0.4.tgz#0fa2c64f932917c3433a0ded55363aae37416b7c"
    integrity sha1-D6LGT5MpF8NDOg3tVTY6rjdBa3w=
  
  invariant@^2.2.2, invariant@^2.2.4:
    version "2.2.4"
    resolved "https://npm2.myones.net/invariant/download/invariant-2.2.4.tgz#610f3c92c9359ce1db616e538008d23ff35158e6"
    integrity sha1-YQ88ksk1nOHbYW5TgAjSP/NRWOY=
    dependencies:
      loose-envify "^1.0.0"
  
  is-extglob@^2.1.1:
    version "2.1.1"
    resolved "https://npm2.myones.net/is-extglob/download/is-extglob-2.1.1.tgz#a88c02535791f02ed37c76a1b9ea9773c833f8c2"
    integrity sha1-qIwCU1eR8C7TfHahueqXc8gz+MI=
  
  is-glob@^4.0.1:
    version "4.0.1"
    resolved "https://npm2.myones.net/is-glob/download/is-glob-4.0.1.tgz#7567dbe9f2f5e2467bc77ab83c4a29482407a5dc"
    integrity sha1-dWfb6fL14kZ7x3q4PEopSCQHpdw=
    dependencies:
      is-extglob "^2.1.1"
  
  is-module@^1.0.0:
    version "1.0.0"
    resolved "https://npm2.myones.net/is-module/download/is-module-1.0.0.tgz#3258fb69f78c14d5b815d664336b4cffb6441591"
    integrity sha1-Mlj7afeMFNW4FdZkM2tM/7ZEFZE=
  
  is-number@^7.0.0:
    version "7.0.0"
    resolved "https://npm2.myones.net/is-number/download/is-number-7.0.0.tgz#7535345b896734d5f80c4d06c50955527a14f12b"
    integrity sha1-dTU0W4lnNNX4DE0GxQlVUnoU8Ss=
  
  is-plain-object@^3.0.0:
    version "3.0.0"
    resolved "https://npm2.myones.net/is-plain-object/download/is-plain-object-3.0.0.tgz#47bfc5da1b5d50d64110806c199359482e75a928"
    integrity sha1-R7/F2htdUNZBEIBsGZNZSC51qSg=
    dependencies:
      isobject "^4.0.0"
  
  is-reference@^1.1.2:
    version "1.2.0"
    resolved "https://npm2.myones.net/is-reference/download/is-reference-1.2.0.tgz#d938b0cf85a0df09849417b274f02fb509293599"
    integrity sha1-2Tiwz4Wg3wmElBeydPAvtQkpNZk=
    dependencies:
      "@types/estree" "0.0.44"
  
  isobject@^4.0.0:
    version "4.0.0"
    resolved "https://npm2.myones.net/isobject/download/isobject-4.0.0.tgz#3f1c9155e73b192022a80819bacd0343711697b0"
    integrity sha1-PxyRVec7GSAiqAgZus0DQ3EWl7A=
  
  "js-tokens@^3.0.0 || ^4.0.0", js-tokens@^4.0.0:
    version "4.0.0"
    resolved "https://npm2.myones.net/js-tokens/download/js-tokens-4.0.0.tgz#19203fb59991df98e3a287050d4647cdeaf32499"
    integrity sha1-GSA/tZmR35jjoocFDUZHzerzJJk=
  
  jsesc@^2.5.1:
    version "2.5.2"
    resolved "https://npm2.myones.net/jsesc/download/jsesc-2.5.2.tgz#80564d2e483dacf6e8ef209650a67df3f0c283a4"
    integrity sha1-gFZNLkg9rPbo7yCWUKZ98/DCg6Q=
  
  jsesc@~0.5.0:
    version "0.5.0"
    resolved "https://npm2.myones.net/jsesc/download/jsesc-0.5.0.tgz#e7dee66e35d6fc16f710fe91d5cf69f70f08911d"
    integrity sha1-597mbjXW/Bb3EP6R1c9p9w8IkR0=
  
  json5@^2.1.2:
    version "2.1.3"
    resolved "https://npm2.myones.net/json5/download/json5-2.1.3.tgz#c9b0f7fa9233bfe5807fe66fcf3a5617ed597d43"
    integrity sha1-ybD3+pIzv+WAf+ZvzzpWF+1ZfUM=
    dependencies:
      minimist "^1.2.5"
  
  jsonfile@^4.0.0:
    version "4.0.0"
    resolved "https://npm2.myones.net/jsonfile/download/jsonfile-4.0.0.tgz#8771aae0799b64076b76640fca058f9c10e33ecb"
    integrity sha1-h3Gq4HmbZAdrdmQPygWPnBDjPss=
    optionalDependencies:
      graceful-fs "^4.1.6"
  
  leven@^3.1.0:
    version "3.1.0"
    resolved "https://npm2.myones.net/leven/download/leven-3.1.0.tgz#77891de834064cccba82ae7842bb6b14a13ed7f2"
    integrity sha1-d4kd6DQGTMy6gq54QrtrFKE+1/I=
  
  levenary@^1.1.1:
    version "1.1.1"
    resolved "https://npm2.myones.net/levenary/download/levenary-1.1.1.tgz#842a9ee98d2075aa7faeedbe32679e9205f46f77"
    integrity sha1-hCqe6Y0gdap/ru2+MmeekgX0b3c=
    dependencies:
      leven "^3.1.0"
  
  locate-path@^2.0.0:
    version "2.0.0"
    resolved "https://npm2.myones.net/locate-path/download/locate-path-2.0.0.tgz#2b568b265eec944c6d9c0de9c3dbbbca0354cd8e"
    integrity sha1-K1aLJl7slExtnA3pw9u7ygNUzY4=
    dependencies:
      p-locate "^2.0.0"
      path-exists "^3.0.0"
  
  lodash-es@^4.17.15:
    version "4.17.15"
    resolved "https://npm2.myones.net/lodash-es/download/lodash-es-4.17.15.tgz#21bd96839354412f23d7a10340e5eac6ee455d78"
    integrity sha1-Ib2Wg5NUQS8j16EDQOXqxu5FXXg=
  
  lodash@^4.17.13:
    version "4.17.15"
    resolved "https://npm2.myones.net/lodash/download/lodash-4.17.15.tgz#b447f6670a0455bbfeedd11392eff330ea097548"
    integrity sha1-tEf2ZwoEVbv+7dETku/zMOoJdUg=
  
  loose-envify@^1.0.0, loose-envify@^1.1.0, loose-envify@^1.4.0:
    version "1.4.0"
    resolved "https://npm2.myones.net/loose-envify/download/loose-envify-1.4.0.tgz#71ee51fa7be4caec1a63839f7e682d8132d30caf"
    integrity sha1-ce5R+nvkyuwaY4OffmgtgTLTDK8=
    dependencies:
      js-tokens "^3.0.0 || ^4.0.0"
  
  magic-string@^0.25.2, magic-string@^0.25.5:
    version "0.25.7"
    resolved "https://npm2.myones.net/magic-string/download/magic-string-0.25.7.tgz#3f497d6fd34c669c6798dcb821f2ef31f5445051"
    integrity sha1-P0l9b9NMZpxnmNy4IfLvMfVEUFE=
    dependencies:
      sourcemap-codec "^1.4.4"
  
  merge2@^1.2.3, merge2@^1.3.0:
    version "1.4.1"
    resolved "https://npm2.myones.net/merge2/download/merge2-1.4.1.tgz#4368892f885e907455a6fd7dc55c0c9d404990ae"
    integrity sha1-Q2iJL4hekHRVpv19xVwMnUBJkK4=
  
  micromatch@^4.0.2:
    version "4.0.2"
    resolved "https://npm2.myones.net/micromatch/download/micromatch-4.0.2.tgz#4fcb0999bf9fbc2fcbdd212f6d629b9a56c39259"
    integrity sha1-T8sJmb+fvC/L3SEvbWKbmlbDklk=
    dependencies:
      braces "^3.0.1"
      picomatch "^2.0.5"
  
  minimatch@^3.0.4:
    version "3.0.4"
    resolved "https://npm2.myones.net/minimatch/download/minimatch-3.0.4.tgz#5166e286457f03306064be5497e8dbb0c3d32083"
    integrity sha1-UWbihkV/AzBgZL5Ul+jbsMPTIIM=
    dependencies:
      brace-expansion "^1.1.7"
  
  minimist@^1.2.5:
    version "1.2.5"
    resolved "https://npm2.myones.net/minimist/download/minimist-1.2.5.tgz#67d66014b66a6a8aaa0c083c5fd58df4e4e97602"
    integrity sha1-Z9ZgFLZqaoqqDAg8X9WN9OTpdgI=
  
  ms@^2.1.1:
    version "2.1.2"
    resolved "https://npm2.myones.net/ms/download/ms-2.1.2.tgz#d09d1f357b443f493382a8eb3ccd183872ae6009"
    integrity sha1-0J0fNXtEP0kzgqjrPM0YOHKuYAk=
  
  node-releases@^1.1.53:
    version "1.1.53"
    resolved "https://npm2.myones.net/node-releases/download/node-releases-1.1.53.tgz#2d821bfa499ed7c5dffc5e2f28c88e78a08ee3f4"
    integrity sha1-LYIb+kme18Xf/F4vKMiOeKCO4/Q=
  
  object-assign@^4.1.1:
    version "4.1.1"
    resolved "https://npm2.myones.net/object-assign/download/object-assign-4.1.1.tgz#2109adc7965887cfc05cbbd442cac8bfbb360863"
    integrity sha1-IQmtx5ZYh8/AXLvUQsrIv7s2CGM=
  
  object-keys@^1.0.11, object-keys@^1.0.12:
    version "1.1.1"
    resolved "https://npm2.myones.net/object-keys/download/object-keys-1.1.1.tgz#1c47f272df277f3b1daf061677d9c82e2322c60e"
    integrity sha1-HEfyct8nfzsdrwYWd9nILiMixg4=
  
  object.assign@^4.1.0:
    version "4.1.0"
    resolved "https://npm2.myones.net/object.assign/download/object.assign-4.1.0.tgz#968bf1100d7956bb3ca086f006f846b3bc4008da"
    integrity sha1-lovxEA15Vrs8oIbwBvhGs7xACNo=
    dependencies:
      define-properties "^1.1.2"
      function-bind "^1.1.1"
      has-symbols "^1.0.0"
      object-keys "^1.0.11"
  
  once@^1.3.0:
    version "1.4.0"
    resolved "https://npm2.myones.net/once/download/once-1.4.0.tgz#583b1aa775961d4b113ac17d9c50baef9dd76bd1"
    integrity sha1-WDsap3WWHUsROsF9nFC6753Xa9E=
    dependencies:
      wrappy "1"
  
  p-limit@^1.1.0:
    version "1.3.0"
    resolved "https://npm2.myones.net/p-limit/download/p-limit-1.3.0.tgz#b86bd5f0c25690911c7590fcbfc2010d54b3ccb8"
    integrity sha1-uGvV8MJWkJEcdZD8v8IBDVSzzLg=
    dependencies:
      p-try "^1.0.0"
  
  p-locate@^2.0.0:
    version "2.0.0"
    resolved "https://npm2.myones.net/p-locate/download/p-locate-2.0.0.tgz#20a0103b222a70c8fd39cc2e580680f3dde5ec43"
    integrity sha1-IKAQOyIqcMj9OcwuWAaA893l7EM=
    dependencies:
      p-limit "^1.1.0"
  
  p-try@^1.0.0:
    version "1.0.0"
    resolved "https://npm2.myones.net/p-try/download/p-try-1.0.0.tgz#cbc79cdbaf8fd4228e13f621f2b1a237c1b207b3"
    integrity sha1-y8ec26+P1CKOE/Yh8rGiN8GyB7M=
  
  path-exists@^3.0.0:
    version "3.0.0"
    resolved "https://npm2.myones.net/path-exists/download/path-exists-3.0.0.tgz#ce0ebeaa5f78cb18925ea7d810d7b59b010fd515"
    integrity sha1-zg6+ql94yxiSXqfYENe1mwEP1RU=
  
  path-is-absolute@^1.0.0:
    version "1.0.1"
    resolved "https://npm2.myones.net/path-is-absolute/download/path-is-absolute-1.0.1.tgz#174b9268735534ffbc7ace6bf53a5a9e1b5c5f5f"
    integrity sha1-F0uSaHNVNP+8es5r9TpanhtcX18=
  
  path-parse@^1.0.6:
    version "1.0.6"
    resolved "https://npm2.myones.net/path-parse/download/path-parse-1.0.6.tgz#d62dbb5679405d72c4737ec58600e9ddcf06d24c"
    integrity sha1-1i27VnlAXXLEc37FhgDp3c8G0kw=
  
  path-type@^4.0.0:
    version "4.0.0"
    resolved "https://npm2.myones.net/path-type/download/path-type-4.0.0.tgz#84ed01c0a7ba380afe09d90a8c180dcd9d03043b"
    integrity sha1-hO0BwKe6OAr+CdkKjBgNzZ0DBDs=
  
  picomatch@^2.0.5, picomatch@^2.2.1, picomatch@^2.2.2:
    version "2.2.2"
    resolved "https://npm2.myones.net/picomatch/download/picomatch-2.2.2.tgz#21f333e9b6b8eaff02468f5146ea406d345f4dad"
    integrity sha1-IfMz6ba46v8CRo9RRupAbTRfTa0=
  
  pkg-up@^2.0.0:
    version "2.0.0"
    resolved "https://npm2.myones.net/pkg-up/download/pkg-up-2.0.0.tgz#c819ac728059a461cab1c3889a2be3c49a004d7f"
    integrity sha1-yBmscoBZpGHKscOImivjxJoATX8=
    dependencies:
      find-up "^2.1.0"
  
  private@^0.1.8:
    version "0.1.8"
    resolved "https://npm2.myones.net/private/download/private-0.1.8.tgz#2381edb3689f7a53d653190060fcf822d2f368ff"
    integrity sha1-I4Hts2ifelPWUxkAYPz4ItLzaP8=
  
  prop-types@^15.6.2:
    version "15.7.2"
    resolved "https://npm2.myones.net/prop-types/download/prop-types-15.7.2.tgz#52c41e75b8c87e72b9d9360e0206b99dcbffa6c5"
    integrity sha1-UsQedbjIfnK52TYOAga5ncv/psU=
    dependencies:
      loose-envify "^1.4.0"
      object-assign "^4.1.1"
      react-is "^16.8.1"
  
  react-dom@^16.13.1:
    version "16.13.1"
    resolved "https://npm2.myones.net/react-dom/download/react-dom-16.13.1.tgz#c1bd37331a0486c078ee54c4740720993b2e0e7f"
    integrity sha1-wb03MxoEhsB47lTEdAcgmTsuDn8=
    dependencies:
      loose-envify "^1.1.0"
      object-assign "^4.1.1"
      prop-types "^15.6.2"
      scheduler "^0.19.1"
  
  react-is@^16.8.1:
    version "16.13.1"
    resolved "https://npm2.myones.net/react-is/download/react-is-16.13.1.tgz#789729a4dc36de2999dc156dd6c1d9c18cea56a4"
    integrity sha1-eJcppNw23imZ3BVt1sHZwYzqVqQ=
  
  react@^16.13.1:
    version "16.13.1"
    resolved "https://npm2.myones.net/react/download/react-16.13.1.tgz#2e818822f1a9743122c063d6410d85c1e3afe48e"
    integrity sha1-LoGIIvGpdDEiwGPWQQ2FweOv5I4=
    dependencies:
      loose-envify "^1.1.0"
      object-assign "^4.1.1"
      prop-types "^15.6.2"
  
  regenerate-unicode-properties@^8.2.0:
    version "8.2.0"
    resolved "https://npm2.myones.net/regenerate-unicode-properties/download/regenerate-unicode-properties-8.2.0.tgz#e5de7111d655e7ba60c057dbe9ff37c87e65cdec"
    integrity sha1-5d5xEdZV57pgwFfb6f83yH5lzew=
    dependencies:
      regenerate "^1.4.0"
  
  regenerate@^1.4.0:
    version "1.4.0"
    resolved "https://npm2.myones.net/regenerate/download/regenerate-1.4.0.tgz#4a856ec4b56e4077c557589cae85e7a4c8869a11"
    integrity sha1-SoVuxLVuQHfFV1icroXnpMiGmhE=
  
  regenerator-runtime@^0.13.4:
    version "0.13.5"
    resolved "https://npm2.myones.net/regenerator-runtime/download/regenerator-runtime-0.13.5.tgz#d878a1d094b4306d10b9096484b33ebd55e26697"
    integrity sha1-2Hih0JS0MG0QuQlkhLM+vVXiZpc=
  
  regenerator-transform@^0.14.2:
    version "0.14.4"
    resolved "https://npm2.myones.net/regenerator-transform/download/regenerator-transform-0.14.4.tgz#5266857896518d1616a78a0479337a30ea974cc7"
    integrity sha1-UmaFeJZRjRYWp4oEeTN6MOqXTMc=
    dependencies:
      "@babel/runtime" "^7.8.4"
      private "^0.1.8"
  
  regexpu-core@^4.7.0:
    version "4.7.0"
    resolved "https://npm2.myones.net/regexpu-core/download/regexpu-core-4.7.0.tgz#fcbf458c50431b0bb7b45d6967b8192d91f3d938"
    integrity sha1-/L9FjFBDGwu3tF1pZ7gZLZHz2Tg=
    dependencies:
      regenerate "^1.4.0"
      regenerate-unicode-properties "^8.2.0"
      regjsgen "^0.5.1"
      regjsparser "^0.6.4"
      unicode-match-property-ecmascript "^1.0.4"
      unicode-match-property-value-ecmascript "^1.2.0"
  
  regjsgen@^0.5.1:
    version "0.5.1"
    resolved "https://npm2.myones.net/regjsgen/download/regjsgen-0.5.1.tgz#48f0bf1a5ea205196929c0d9798b42d1ed98443c"
    integrity sha1-SPC/Gl6iBRlpKcDZeYtC0e2YRDw=
  
  regjsparser@^0.6.4:
    version "0.6.4"
    resolved "https://npm2.myones.net/regjsparser/download/regjsparser-0.6.4.tgz#a769f8684308401a66e9b529d2436ff4d0666272"
    integrity sha1-p2n4aEMIQBpm6bUp0kNv9NBmYnI=
    dependencies:
      jsesc "~0.5.0"
  
  resolve@^1.11.0, resolve@^1.14.2, resolve@^1.3.2:
    version "1.17.0"
    resolved "https://npm2.myones.net/resolve/download/resolve-1.17.0.tgz#b25941b54968231cc2d1bb76a79cb7f2c0bf8444"
    integrity sha1-sllBtUloIxzC0bt2p5y38sC/hEQ=
    dependencies:
      path-parse "^1.0.6"
  
  reusify@^1.0.4:
    version "1.0.4"
    resolved "https://npm2.myones.net/reusify/download/reusify-1.0.4.tgz#90da382b1e126efc02146e90845a88db12925d76"
    integrity sha1-kNo4Kx4SbvwCFG6QhFqI2xKSXXY=
  
  rollup-plugin-copy@^3.3.0:
    version "3.3.0"
    resolved "https://registry.yarnpkg.com/rollup-plugin-copy/-/rollup-plugin-copy-3.3.0.tgz#5ba230047f86b9f703a29288f242948a5580e7b9"
    integrity sha512-euDjCUSBXZa06nqnwCNADbkAcYDfzwowfZQkto9K/TFhiH+QG7I4PUsEMwM9tDgomGWJc//z7KLW8t+tZwxADA==
    dependencies:
      "@types/fs-extra" "^8.0.1"
      colorette "^1.1.0"
      fs-extra "^8.1.0"
      globby "10.0.1"
      is-plain-object "^3.0.0"
  
  rollup@^2.12.1:
    version "2.12.1"
    resolved "https://npm2.myones.net/rollup/download/rollup-2.12.1.tgz#f4e248552d0055ecbd6d0e888b7e316e172d5f96"
    integrity sha1-9OJIVS0AVey9bQ6Ii34xbhctX5Y=
    optionalDependencies:
      fsevents "~2.1.2"
  
  run-parallel@^1.1.9:
    version "1.1.9"
    resolved "https://npm2.myones.net/run-parallel/download/run-parallel-1.1.9.tgz#c9dd3a7cf9f4b2c4b6244e173a6ed866e61dd679"
    integrity sha1-yd06fPn0ssS2JE4XOm7YZuYd1nk=
  
  safe-buffer@~5.1.1:
    version "5.1.2"
    resolved "https://npm2.myones.net/safe-buffer/download/safe-buffer-5.1.2.tgz#991ec69d296e0313747d59bdfd2b745c35f8828d"
    integrity sha1-mR7GnSluAxN0fVm9/St0XDX4go0=
  
  scheduler@^0.19.1:
    version "0.19.1"
    resolved "https://npm2.myones.net/scheduler/download/scheduler-0.19.1.tgz#4f3e2ed2c1a7d65681f4c854fa8c5a1ccb40f196"
    integrity sha1-Tz4u0sGn1laB9MhU+oxaHMtA8ZY=
    dependencies:
      loose-envify "^1.1.0"
      object-assign "^4.1.1"
  
  semver@7.0.0:
    version "7.0.0"
    resolved "https://npm2.myones.net/semver/download/semver-7.0.0.tgz#5f3ca35761e47e05b206c6daff2cf814f0316b8e"
    integrity sha1-XzyjV2HkfgWyBsba/yz4FPAxa44=
  
  semver@^5.4.1, semver@^5.5.0:
    version "5.7.1"
    resolved "https://npm2.myones.net/semver/download/semver-5.7.1.tgz#a954f931aeba508d307bbf069eff0c01c96116f7"
    integrity sha1-qVT5Ma66UI0we78Gnv8MAclhFvc=
  
  slash@^3.0.0:
    version "3.0.0"
    resolved "https://npm2.myones.net/slash/download/slash-3.0.0.tgz#6539be870c165adbd5240220dbe361f1bc4d4634"
    integrity sha1-ZTm+hwwWWtvVJAIg2+Nh8bxNRjQ=
  
  source-map@^0.5.0:
    version "0.5.7"
    resolved "https://npm2.myones.net/source-map/download/source-map-0.5.7.tgz#8a039d2d1021d22d1ea14c80d8ea468ba2ef3fcc"
    integrity sha1-igOdLRAh0i0eoUyA2OpGi6LvP8w=
  
  sourcemap-codec@^1.4.4:
    version "1.4.8"
    resolved "https://npm2.myones.net/sourcemap-codec/download/sourcemap-codec-1.4.8.tgz#ea804bd94857402e6992d05a38ef1ae35a9ab4c4"
    integrity sha1-6oBL2UhXQC5pktBaOO8a41qatMQ=
  
  supports-color@^5.3.0:
    version "5.5.0"
    resolved "https://npm2.myones.net/supports-color/download/supports-color-5.5.0.tgz#e2e69a44ac8772f78a1ec0b35b689df6530efc8f"
    integrity sha1-4uaaRKyHcveKHsCzW2id9lMO/I8=
    dependencies:
      has-flag "^3.0.0"
  
  to-fast-properties@^2.0.0:
    version "2.0.0"
    resolved "https://npm2.myones.net/to-fast-properties/download/to-fast-properties-2.0.0.tgz#dc5e698cbd079265bc73e0377681a4e4e83f616e"
    integrity sha1-3F5pjL0HkmW8c+A3doGk5Og/YW4=
  
  to-regex-range@^5.0.1:
    version "5.0.1"
    resolved "https://npm2.myones.net/to-regex-range/download/to-regex-range-5.0.1.tgz#1648c44aae7c8d988a326018ed72f5b4dd0392e4"
    integrity sha1-FkjESq58jZiKMmAY7XL1tN0DkuQ=
    dependencies:
      is-number "^7.0.0"
  
  unicode-canonical-property-names-ecmascript@^1.0.4:
    version "1.0.4"
    resolved "https://npm2.myones.net/unicode-canonical-property-names-ecmascript/download/unicode-canonical-property-names-ecmascript-1.0.4.tgz#2619800c4c825800efdd8343af7dd9933cbe2818"
    integrity sha1-JhmADEyCWADv3YNDr33Zkzy+KBg=
  
  unicode-match-property-ecmascript@^1.0.4:
    version "1.0.4"
    resolved "https://npm2.myones.net/unicode-match-property-ecmascript/download/unicode-match-property-ecmascript-1.0.4.tgz#8ed2a32569961bce9227d09cd3ffbb8fed5f020c"
    integrity sha1-jtKjJWmWG86SJ9Cc0/+7j+1fAgw=
    dependencies:
      unicode-canonical-property-names-ecmascript "^1.0.4"
      unicode-property-aliases-ecmascript "^1.0.4"
  
  unicode-match-property-value-ecmascript@^1.2.0:
    version "1.2.0"
    resolved "https://npm2.myones.net/unicode-match-property-value-ecmascript/download/unicode-match-property-value-ecmascript-1.2.0.tgz#0d91f600eeeb3096aa962b1d6fc88876e64ea531"
    integrity sha1-DZH2AO7rMJaqlisdb8iIduZOpTE=
  
  unicode-property-aliases-ecmascript@^1.0.4:
    version "1.0.5"
    resolved "https://npm2.myones.net/unicode-property-aliases-ecmascript/download/unicode-property-aliases-ecmascript-1.0.5.tgz#a9cc6cc7ce63a0a3023fc99e341b94431d405a57"
    integrity sha1-qcxsx85joKMCP8meNBuUQx1AWlc=
  
  universalify@^0.1.0:
    version "0.1.2"
    resolved "https://npm2.myones.net/universalify/download/universalify-0.1.2.tgz#b646f69be3942dabcecc9d6639c80dc105efaa66"
    integrity sha1-tkb2m+OULavOzJ1mOcgNwQXvqmY=
  
  wrappy@1:
    version "1.0.2"
    resolved "https://npm2.myones.net/wrappy/download/wrappy-1.0.2.tgz#b5243d8f3ec1aa35f1364605bc0d1036e30ab69f"
    integrity sha1-tSQ9jz7BqjXxNkYFvA0QNuMKtp8=
